#
# A fatal error has been detected by the Java Runtime Environment:
#
#  EXCEPTION_ACCESS_VIOLATION (0xc0000005) at pc=0x00007ffcefbdc9c8, pid=21868, tid=10764
#
# JRE version: OpenJDK Runtime Environment Temurin-21.0.9+10 (21.0.9+10) (build 21.0.9+10-LTS)
# Java VM: OpenJDK 64-Bit Server VM Temurin-21.0.9+10 (21.0.9+10-LTS, mixed mode, sharing, tiered, compressed oops, compressed class ptrs, parallel gc, windows-amd64)
# Problematic frame:
# V  [jvm.dll+0xc9c8]
#
# No core dump will be written. Minidumps are not enabled by default on client versions of Windows
#
# If you would like to submit a bug report, please visit:
#   https://github.com/adoptium/adoptium-support/issues
#

---------------  S U M M A R Y ------------

Command Line: --add-modules=ALL-SYSTEM --add-opens=java.base/java.util=ALL-UNNAMED --add-opens=java.base/java.lang=ALL-UNNAMED --add-opens=java.base/sun.nio.fs=ALL-UNNAMED -Declipse.application=org.eclipse.jdt.ls.core.id1 -Dosgi.bundles.defaultStartLevel=4 -Declipse.product=org.eclipse.jdt.ls.core.product -Djava.import.generatesMetadataFilesAtProjectRoot=false -DDetectVMInstallationsJob.disabled=true -Dfile.encoding=utf8 -XX:+UseParallelGC -XX:GCTimeRatio=4 -XX:AdaptiveSizePolicyWeight=90 -Dsun.zip.disableMemoryMapping=true -Xmx2G -Xms100m -Xlog:disable -javaagent:c:\Users\jonas\.vscode\extensions\redhat.java-1.51.0-win32-x64\lombok\lombok-1.18.39-4050.jar -XX:+HeapDumpOnOutOfMemoryError -XX:HeapDumpPath=c:\Users\jonas\AppData\Roaming\Code\User\workspaceStorage\b51b9fde620a695453a84f369aeee4c7\redhat.java -Daether.dependencyCollector.impl=bf c:\Users\jonas\.vscode\extensions\redhat.java-1.51.0-win32-x64\server\plugins\org.eclipse.equinox.launcher_1.7.100.v20251111-0406.jar -configuration c:\Users\jonas\AppData\Roaming\Code\User\globalStorage\redhat.java\1.51.0\config_win -data c:\Users\jonas\AppData\Roaming\Code\User\workspaceStorage\b51b9fde620a695453a84f369aeee4c7\redhat.java\jdt_ws --pipe=\\.\pipe\lsp-e4a968c2a861703c395fed0439461572-sock

Host: AMD Ryzen 7 5800H with Radeon Graphics         , 16 cores, 15G,  Windows 11 , 64 bit Build 26100 (10.0.26100.7309)
Time: Tue Jan  6 13:50:25 2026 Romance Standard Time elapsed time: 3371.859373 seconds (0d 0h 56m 11s)

---------------  T H R E A D  ---------------

Current thread (0x00000185fb70f170):  WorkerThread "GC Thread#0"    [id=10764, stack(0x0000001458700000,0x0000001458800000) (1024K)]

Stack: [0x0000001458700000,0x0000001458800000],  sp=0x00000014587ffc68,  free space=1023k
Native frames: (J=compiled Java code, j=interpreted, Vv=VM code, C=native code)
V  [jvm.dll+0xc9c8]


siginfo: EXCEPTION_ACCESS_VIOLATION (0xc0000005), reading address 0x00000186923b425a


Registers:
RAX=0x0000000000000001, RBX=0x0000000086ae9728, RCX=0x0000000000000000, RDX=0x0000000086ae9728
RSP=0x00000014587ffc68, RBP=0x0000000089f64308, RSI=0x00000185fb63fb20, RDI=0x0000000089f625f4
R8 =0x00000186923b4252, R9 =0x0000000000000676, R10=0x00000000866db0e8, R11=0x00000000000000cd
R12=0x00007ffcf0817250, R13=0x00000014589feb70, R14=0x0000000000000000, R15=0x00007ffcf0668e90
RIP=0x00007ffcefbdc9c8, EFLAGS=0x0000000000010202

XMM[0]=0x0000000000004000 0x0000000089f542f8
XMM[1]=0x0000000000000000 0x00000014595ff2e0
XMM[2]=0x0000000000000000 0x0000000000000000
XMM[3]=0x0000000000000000 0x0000000000000000
XMM[4]=0x0000000000000000 0x0000000000000000
XMM[5]=0x0000000000000000 0x0000000000000000
XMM[6]=0x0000000000000000 0x0000000000000000
XMM[7]=0x0000000000000000 0x0000000000000000
XMM[8]=0x0000000000000000 0x0000000000000000
XMM[9]=0x0000000000000000 0x0000000000000000
XMM[10]=0x0000000000000000 0x0000000000000000
XMM[11]=0x0000000000000000 0x0000000000000000
XMM[12]=0x0000000000000000 0x0000000000000000
XMM[13]=0x0000000000000000 0x0000000000000000
XMM[14]=0x0000000000000000 0x0000000000000000
XMM[15]=0x0000000000000000 0x0000000000000000
  MXCSR=0x00001fa0


Register to memory mapping:

RAX=0x0000000000000001 is an unknown value
RBX=
[error occurred during error reporting (printing register info), id 0xc0000005, EXCEPTION_ACCESS_VIOLATION (0xc0000005) at pc=0x00007ffcf02b58b6]
RCX=0x0 is null
RDX=
[error occurred during error reporting (printing register info, attempt 2), id 0xc0000005, EXCEPTION_ACCESS_VIOLATION (0xc0000005) at pc=0x00007ffcf02b58b6]
RSP=0x00000014587ffc68 points into unknown readable memory: 0x00007ffcf02b348e | 8e 34 2b f0 fc 7f 00 00
RBP=0x0000000089f64308 is pointing into object: [Ljava.util.concurrent.ConcurrentHashMap$Node; 
{0x0000000089f542f8} - klass: 'java/util/concurrent/ConcurrentHashMap$Node'[]
 - length: 65536
RSI=0x00000185fb63fb20 points into unknown readable memory: 0x00000185f9250150 | 50 01 25 f9 85 01 00 00
RDI=0x0000000089f625f4 is pointing into object: [Ljava.util.concurrent.ConcurrentHashMap$Node; 
{0x0000000089f542f8} - klass: 'java/util/concurrent/ConcurrentHashMap$Node'[]
 - length: 65536
R8 =0x00000186923b4252 is an unknown value
R9 =0x0000000000000676 is an unknown value
R10=0x00000000866db0e8 is an oop: java.util.concurrent.ConcurrentHashMap$Node 
{0x00000000866db0e8} - klass: 'java/util/concurrent/ConcurrentHashMap$Node'
 - ---- fields (total size 4 words):
 - final 'hash' 'I' @12  1824012474 (0x6cb838ba)
 - final 'key' 'Ljava/lang/Object;' @16  a 'jdk/internal/jrtfs/JrtPath'{0x000000008570e018} (0x8570e018)
 - volatile 'val' 'Ljava/lang/Object;' @20  a 'org/eclipse/jdt/internal/compiler/util/SoftClassCache$ClassBytes'{0x000000008570e0b0} (0x8570e0b0)
 - volatile 'next' 'Ljava/util/concurrent/ConcurrentHashMap$Node;' @24  a 'java/util/concurrent/ConcurrentHashMap$Node'{0x000000008a43cbf0} (0x8a43cbf0)
R11=0x00000000000000cd is an unknown value
R12=0x00007ffcf0817250 jvm.dll
R13=0x00000014589feb70 points into unknown readable memory: 0x00007ffcf06698f0 | f0 98 66 f0 fc 7f 00 00
R14=0x0 is null
R15=0x00007ffcf0668e90 jvm.dll

Top of Stack: (sp=0x00000014587ffc68)
0x00000014587ffc68:   00007ffcf02b348e 00000000866db0e8
0x00000014587ffc78:   0000000089f625f0 0000000089f542f8
0x00000014587ffc88:   0000000000004000 0000000086ae9728
0x00000014587ffc98:   00007ffcf02db4cb 00007ffcf0668e90
0x00000014587ffca8:   0000000000000000 00000014589feb70
0x00000014587ffcb8:   00007ffcf0817250 00000185fb63fb20
0x00000014587ffcc8:   00007ffcf02e272b 0000000000000005
0x00000014587ffcd8:   00000014589fecb0 0000000000000007
0x00000014587ffce8:   00007ffcf02db69d 0000000089f542f8
0x00000014587ffcf8:   0000000000003800 00000185fb63fde8
0x00000014587ffd08:   0000000000000005 0000000000000000
0x00000014587ffd18:   0000000000000000 00000014589fec78
0x00000014587ffd28:   00000185fb70f910 00000185fb63fb20
0x00000014587ffd38:   0000000000000007 00000185fb70f950
0x00000014587ffd48:   00007ffcf02e364c 0000000000000005
0x00000014587ffd58:   00000185fb70f170 0000000000000000
0x00000014587ffd68:   00000014589ff388 0000001400000007
0x00000014587ffd78:   00007ffcf0669700 00000185fb63fb20
0x00000014587ffd88:   00007ffcf06698e0 0000000000000007
0x00000014587ffd98:   0000000000000000 0000000000000000
0x00000014587ffda8:   0000000000000000 00004f3f0cfaaec3
0x00000014587ffdb8:   0000000000000000 0000000000000000
0x00000014587ffdc8:   00000185fb70f910 0000000000000000
0x00000014587ffdd8:   0000000000000000 0000000000000007
0x00000014587ffde8:   00000185fb70f950 00000185fb70f170
0x00000014587ffdf8:   00007ffcf04b2bd1 00000185f9277338
0x00000014587ffe08:   00000185fb70f170 00000185f9277338
0x00000014587ffe18:   0000000000000007 00000185fb70f170
0x00000014587ffe28:   0000000000100000 0000000000000000
0x00000014587ffe38:   00007ffcf042e9ad 0000001458700000
0x00000014587ffe48:   00000000ffffffff 0000000000000000
0x00000014587ffe58:   0000000000000000 0000000000000004 

Instructions: (pc=0x00007ffcefbdc9c8)
0x00007ffcefbdc8c8:   8b 5c 24 30 48 8b c2 48 83 c4 20 5f c3 cc cc cc
0x00007ffcefbdc8d8:   cc cc cc cc cc cc cc cc 48 8b 11 e9 08 f6 ff ff
0x00007ffcefbdc8e8:   cc cc cc cc cc cc cc cc 4c 8b c1 ba 64 60 08 00
0x00007ffcefbdc8f8:   48 8b 0d 61 92 c8 00 e9 5c ea ff ff cc cc cc cc
0x00007ffcefbdc908:   cc cc cc cc cc cc cc cc 48 8b 05 a1 e2 cd 00 48
0x00007ffcefbdc918:   8b d1 48 23 c1 48 a9 00 f0 00 00 75 5d 48 8b 05
0x00007ffcefbdc928:   84 e2 cd 00 48 23 c1 48 a9 00 f0 00 00 75 43 0f
0x00007ffcefbdc938:   b6 c2 24 30 3c 30 74 3a 48 c1 e9 0c 48 8d 05 e5
0x00007ffcefbdc948:   b5 94 00 83 e1 0f 8b 0c 88 48 8b 05 20 e2 cd 00
0x00007ffcefbdc958:   48 d3 ea 48 c1 e8 15 48 c1 ea 15 48 23 d0 48 8b
0x00007ffcefbdc968:   05 03 e5 cd 00 48 8b 48 60 48 8b 04 d1 48 85 c0
0x00007ffcefbdc978:   75 08 48 8b 05 f7 e4 cd 00 c3 48 8b 05 e7 e4 cd
0x00007ffcefbdc988:   00 c3 cc cc cc cc cc cc 8b 05 a2 b6 c2 00 c3 cc
0x00007ffcefbdc998:   cc cc cc cc cc cc cc cc 0f b6 05 65 d1 c2 00 48
0x00007ffcefbdc9a8:   8b d1 84 c0 74 16 44 8b 41 08 8b 0d 80 b6 c2 00
0x00007ffcefbdc9b8:   49 d3 e0 4c 03 05 6e b6 c2 00 eb 04 4c 8b 41 08
0x00007ffcefbdc9c8:   45 8b 48 08 45 85 c9 7e 0e 41 f6 c1 01 75 53 41
0x00007ffcefbdc9d8:   c1 f9 03 49 63 c1 c3 79 49 84 c0 41 b8 0c 00 00
0x00007ffcefbdc9e8:   00 8b 05 b9 c7 c2 00 b9 10 00 00 00 41 0f 45 c8
0x00007ffcefbdc9f8:   ff c8 4c 63 c0 41 8b c1 48 c1 f8 10 0f b6 c0 48
0x00007ffcefbdca08:   63 14 11 41 8b c9 83 e1 3f 48 d3 e2 49 8d 0c 10
0x00007ffcefbdca18:   49 f7 d0 48 03 c1 49 c1 e8 03 48 c1 e8 03 49 23
0x00007ffcefbdca28:   c0 c3 49 8b 00 49 8b c8 48 ff a0 00 01 00 00 cc
0x00007ffcefbdca38:   cc cc cc cc cc cc cc cc 8b 44 24 30 45 03 c9 44
0x00007ffcefbdca48:   2b 4c 24 28 83 c0 0b 44 03 ca 45 03 c8 41 03 c1
0x00007ffcefbdca58:   c3 cc cc cc cc cc cc cc 4c 8b c2 48 8b d1 45 8b
0x00007ffcefbdca68:   48 08 45 85 c9 7e 0e 41 f6 c1 01 75 56 41 c1 f9
0x00007ffcefbdca78:   03 49 63 c1 c3 79 4c 80 3d 86 d0 c2 00 00 b8 0c
0x00007ffcefbdca88:   00 00 00 b9 10 00 00 00 0f 45 c8 8b 05 0f c7 c2
0x00007ffcefbdca98:   00 ff c8 4c 63 c0 41 8b c1 48 c1 f8 10 48 63 14
0x00007ffcefbdcaa8:   11 41 8b c9 83 e1 3f 0f b6 c0 48 d3 e2 49 8d 0c
0x00007ffcefbdcab8:   10 49 f7 d0 48 03 c1 49 c1 e8 03 48 c1 e8 03 49 


Stack slot to memory mapping:

stack at sp + 0 slots: 0x00007ffcf02b348e jvm.dll
stack at sp + 1 slots: 0x00000000866db0e8 is an oop: java.util.concurrent.ConcurrentHashMap$Node 
{0x00000000866db0e8} - klass: 'java/util/concurrent/ConcurrentHashMap$Node'
 - ---- fields (total size 4 words):
 - final 'hash' 'I' @12  1824012474 (0x6cb838ba)
 - final 'key' 'Ljava/lang/Object;' @16  a 'jdk/internal/jrtfs/JrtPath'{0x000000008570e018} (0x8570e018)
 - volatile 'val' 'Ljava/lang/Object;' @20  a 'org/eclipse/jdt/internal/compiler/util/SoftClassCache$ClassBytes'{0x000000008570e0b0} (0x8570e0b0)
 - volatile 'next' 'Ljava/util/concurrent/ConcurrentHashMap$Node;' @24  a 'java/util/concurrent/ConcurrentHashMap$Node'{0x000000008a43cbf0} (0x8a43cbf0)
stack at sp + 2 slots: 0x0000000089f625f0 is pointing into object: [Ljava.util.concurrent.ConcurrentHashMap$Node; 
{0x0000000089f542f8} - klass: 'java/util/concurrent/ConcurrentHashMap$Node'[]
 - length: 65536
stack at sp + 3 slots: 0x0000000089f542f8 is an oop: [Ljava.util.concurrent.ConcurrentHashMap$Node; 
{0x0000000089f542f8} - klass: 'java/util/concurrent/ConcurrentHashMap$Node'[]
 - length: 65536
stack at sp + 4 slots: 0x0000000000004000 is an unknown value
stack at sp + 5 slots: 
[error occurred during error reporting (inspecting top of stack), id 0xc0000005, EXCEPTION_ACCESS_VIOLATION (0xc0000005) at pc=0x00007ffcf02b58b6]
stack at sp + 6 slots: 0x00007ffcf02db4cb jvm.dll
stack at sp + 7 slots: 0x00007ffcf0668e90 jvm.dll


---------------  P R O C E S S  ---------------

Threads class SMR info:
_java_thread_list=0x00000185e016c310, length=65, elements={
0x00000185fb6f0bb0, 0x00000185fb69e5b0, 0x00000185fb792860, 0x00000185fb7952b0,
0x00000185fb795f00, 0x00000185fb79c350, 0x00000185fb7ac170, 0x00000185d44c6fc0,
0x00000185d44c8060, 0x00000185d4771f20, 0x00000185da160aa0, 0x00000185da676770,
0x00000185dad18510, 0x00000185dad12830, 0x00000185da4e98c0, 0x00000185db42c920,
0x00000185daedcaa0, 0x00000185db39ef00, 0x00000185db39e870, 0x00000185db673170,
0x00000185db672450, 0x00000185db6710a0, 0x00000185db671730, 0x00000185db674bb0,
0x00000185db675240, 0x00000185db6758d0, 0x00000185db675f60, 0x00000185db672ae0,
0x00000185db676c80, 0x00000185db6786c0, 0x00000185db677310, 0x00000185db6765f0,
0x00000185db678030, 0x00000185db6779a0, 0x00000185e0027b30, 0x00000185e002b640,
0x00000185e0029570, 0x00000185e002a290, 0x00000185e0029c00, 0x00000185e0028ee0,
0x00000185e002a920, 0x00000185de30d8f0, 0x00000185de30c540, 0x00000185e22dd2b0,
0x00000185e22dc590, 0x00000185e22dd940, 0x00000185e22dfa10, 0x00000185e22e1450,
0x00000185e22e00a0, 0x00000185e22e1ae0, 0x00000185e002d080, 0x00000185e002d710,
0x00000185e002bcd0, 0x00000185e002c360, 0x00000185dfcb24e0, 0x00000185dfcb45b0,
0x00000185dfcb3200, 0x00000185dfcb2b70, 0x00000185dfcb4c40, 0x00000185dfcb3890,
0x00000185dfcb5960, 0x00000185de309de0, 0x00000185e015bda0, 0x00000185e0159b90,
0x00000185e0158720
}

Java Threads: ( => current thread )
  0x00000185fb6f0bb0 JavaThread "main"                              [_thread_blocked, id=29908, stack(0x0000001458600000,0x0000001458700000) (1024K)]
  0x00000185fb69e5b0 JavaThread "Reference Handler"          daemon [_thread_blocked, id=29736, stack(0x0000001458a00000,0x0000001458b00000) (1024K)]
  0x00000185fb792860 JavaThread "Finalizer"                  daemon [_thread_blocked, id=27280, stack(0x0000001458b00000,0x0000001458c00000) (1024K)]
  0x00000185fb7952b0 JavaThread "Signal Dispatcher"          daemon [_thread_blocked, id=21584, stack(0x0000001458c00000,0x0000001458d00000) (1024K)]
  0x00000185fb795f00 JavaThread "Attach Listener"            daemon [_thread_blocked, id=8776, stack(0x0000001458d00000,0x0000001458e00000) (1024K)]
  0x00000185fb79c350 JavaThread "Service Thread"             daemon [_thread_blocked, id=22032, stack(0x0000001458e00000,0x0000001458f00000) (1024K)]
  0x00000185fb7ac170 JavaThread "Monitor Deflation Thread"   daemon [_thread_blocked, id=20252, stack(0x0000001458f00000,0x0000001459000000) (1024K)]
  0x00000185d44c6fc0 JavaThread "C2 CompilerThread0"         daemon [_thread_blocked, id=12824, stack(0x0000001459000000,0x0000001459100000) (1024K)]
  0x00000185d44c8060 JavaThread "C1 CompilerThread0"         daemon [_thread_blocked, id=21812, stack(0x0000001459100000,0x0000001459200000) (1024K)]
  0x00000185d4771f20 JavaThread "Common-Cleaner"             daemon [_thread_blocked, id=16460, stack(0x0000001459500000,0x0000001459600000) (1024K)]
  0x00000185da160aa0 JavaThread "Notification Thread"        daemon [_thread_blocked, id=1784, stack(0x0000001459700000,0x0000001459800000) (1024K)]
  0x00000185da676770 JavaThread "Active Thread: Equinox Container: 0d47292f-7749-47a6-a3ea-513f7fce2a36"        [_thread_blocked, id=20180, stack(0x000000145a000000,0x000000145a100000) (1024K)]
  0x00000185dad18510 JavaThread "Refresh Thread: Equinox Container: 0d47292f-7749-47a6-a3ea-513f7fce2a36" daemon [_thread_blocked, id=20332, stack(0x000000145a100000,0x000000145a200000) (1024K)]
  0x00000185dad12830 JavaThread "Framework Event Dispatcher: Equinox Container: 0d47292f-7749-47a6-a3ea-513f7fce2a36" daemon [_thread_blocked, id=19896, stack(0x000000145a200000,0x000000145a300000) (1024K)]
  0x00000185da4e98c0 JavaThread "Start Level: Equinox Container: 0d47292f-7749-47a6-a3ea-513f7fce2a36" daemon [_thread_blocked, id=16216, stack(0x000000145a300000,0x000000145a400000) (1024K)]
  0x00000185db42c920 JavaThread "Bundle File Closer"         daemon [_thread_blocked, id=22648, stack(0x000000145a800000,0x000000145a900000) (1024K)]
  0x00000185daedcaa0 JavaThread "SCR Component Actor"        daemon [_thread_blocked, id=14684, stack(0x000000145a400000,0x000000145a500000) (1024K)]
  0x00000185db39ef00 JavaThread "Worker-JM"                         [_thread_blocked, id=25776, stack(0x000000145ab00000,0x000000145ac00000) (1024K)]
  0x00000185db39e870 JavaThread "Java indexing"              daemon [_thread_blocked, id=4412, stack(0x000000145ae00000,0x000000145af00000) (1024K)]
  0x00000185db673170 JavaThread "Worker-3"                          [_thread_blocked, id=29392, stack(0x000000145b000000,0x000000145b100000) (1024K)]
  0x00000185db672450 JavaThread "JNA Cleaner"                daemon [_thread_blocked, id=30140, stack(0x000000145b200000,0x000000145b300000) (1024K)]
  0x00000185db6710a0 JavaThread "Thread-1"                   daemon [_thread_in_native, id=11208, stack(0x000000145bb00000,0x000000145bc00000) (1024K)]
  0x00000185db671730 JavaThread "Thread-2"                   daemon [_thread_in_native, id=24216, stack(0x000000145bc00000,0x000000145bd00000) (1024K)]
  0x00000185db674bb0 JavaThread "Thread-3"                   daemon [_thread_in_native, id=4432, stack(0x000000145bd00000,0x000000145be00000) (1024K)]
  0x00000185db675240 JavaThread "Thread-4"                   daemon [_thread_in_native, id=6492, stack(0x000000145be00000,0x000000145bf00000) (1024K)]
  0x00000185db6758d0 JavaThread "Thread-5"                   daemon [_thread_in_native, id=13120, stack(0x000000145bf00000,0x000000145c000000) (1024K)]
  0x00000185db675f60 JavaThread "Thread-6"                   daemon [_thread_in_native, id=30184, stack(0x000000145c000000,0x000000145c100000) (1024K)]
  0x00000185db672ae0 JavaThread "Thread-7"                   daemon [_thread_in_native, id=2708, stack(0x000000145c100000,0x000000145c200000) (1024K)]
  0x00000185db676c80 JavaThread "Thread-8"                   daemon [_thread_in_native, id=2192, stack(0x000000145c200000,0x000000145c300000) (1024K)]
  0x00000185db6786c0 JavaThread "Thread-9"                   daemon [_thread_in_native, id=17780, stack(0x000000145c300000,0x000000145c400000) (1024K)]
  0x00000185db677310 JavaThread "Thread-10"                  daemon [_thread_in_native, id=24192, stack(0x000000145c400000,0x000000145c500000) (1024K)]
  0x00000185db6765f0 JavaThread "Thread-11"                  daemon [_thread_in_native, id=22908, stack(0x000000145c500000,0x000000145c600000) (1024K)]
  0x00000185db678030 JavaThread "Thread-12"                  daemon [_thread_in_native, id=16668, stack(0x000000145c600000,0x000000145c700000) (1024K)]
  0x00000185db6779a0 JavaThread "Thread-13"                  daemon [_thread_in_native, id=15216, stack(0x000000145c700000,0x000000145c800000) (1024K)]
  0x00000185e0027b30 JavaThread "Thread-14"                  daemon [_thread_in_native, id=28472, stack(0x000000145c800000,0x000000145c900000) (1024K)]
  0x00000185e002b640 JavaThread "Thread-15"                  daemon [_thread_in_native, id=27836, stack(0x000000145c900000,0x000000145ca00000) (1024K)]
  0x00000185e0029570 JavaThread "Thread-16"                  daemon [_thread_in_native, id=16060, stack(0x000000145ca00000,0x000000145cb00000) (1024K)]
  0x00000185e002a290 JavaThread "Thread-17"                  daemon [_thread_in_native, id=20992, stack(0x000000145cb00000,0x000000145cc00000) (1024K)]
  0x00000185e0029c00 JavaThread "pool-2-thread-1"                   [_thread_blocked, id=14976, stack(0x000000145cc00000,0x000000145cd00000) (1024K)]
  0x00000185e0028ee0 JavaThread "WorkspaceEventsHandler"            [_thread_blocked, id=30716, stack(0x000000145ce00000,0x000000145cf00000) (1024K)]
  0x00000185e002a920 JavaThread "pool-1-thread-1"                   [_thread_blocked, id=30604, stack(0x000000145cf00000,0x000000145d000000) (1024K)]
  0x00000185de30d8f0 JavaThread "Cleaner-0"                  daemon [_thread_blocked, id=25120, stack(0x0000001458500000,0x0000001458600000) (1024K)]
  0x00000185de30c540 JavaThread "Worker-11"                         [_thread_blocked, id=25276, stack(0x0000001459300000,0x0000001459400000) (1024K)]
  0x00000185e22dd2b0 JavaThread "ForkJoinPool.commonPool-worker-35" daemon [_thread_blocked, id=12768, stack(0x0000001458300000,0x0000001458400000) (1024K)]
  0x00000185e22dc590 JavaThread "ForkJoinPool.commonPool-worker-36" daemon [_thread_blocked, id=23068, stack(0x0000001458400000,0x0000001458500000) (1024K)]
  0x00000185e22dd940 JavaThread "ForkJoinPool.commonPool-worker-37" daemon [_thread_blocked, id=17268, stack(0x0000001459600000,0x0000001459700000) (1024K)]
  0x00000185e22dfa10 JavaThread "Compiler Source File Reader" daemon [_thread_blocked, id=25108, stack(0x0000001459400000,0x0000001459500000) (1024K)]
  0x00000185e22e1450 JavaThread "Compiler Processing Task"   daemon [_thread_blocked, id=13728, stack(0x0000001459800000,0x0000001459900000) (1024K)]
  0x00000185e22e00a0 JavaThread "Compiler Source File Reader" daemon [_thread_blocked, id=23260, stack(0x000000145a900000,0x000000145aa00000) (1024K)]
  0x00000185e22e1ae0 JavaThread "Worker-12"                         [_thread_blocked, id=19024, stack(0x000000145ad00000,0x000000145ae00000) (1024K)]
  0x00000185e002d080 JavaThread "ForkJoinPool.commonPool-worker-38" daemon [_thread_blocked, id=27008, stack(0x0000001459200000,0x0000001459300000) (1024K)]
  0x00000185e002d710 JavaThread "ForkJoinPool.commonPool-worker-39" daemon [_thread_blocked, id=30448, stack(0x000000145af00000,0x000000145b000000) (1024K)]
  0x00000185e002bcd0 JavaThread "ForkJoinPool.commonPool-worker-40" daemon [_thread_blocked, id=7304, stack(0x000000145b100000,0x000000145b200000) (1024K)]
  0x00000185e002c360 JavaThread "ForkJoinPool.commonPool-worker-41" daemon [_thread_blocked, id=428, stack(0x000000145b300000,0x000000145b400000) (1024K)]
  0x00000185dfcb24e0 JavaThread "ForkJoinPool.commonPool-worker-42" daemon [_thread_blocked, id=28352, stack(0x000000145b400000,0x000000145b500000) (1024K)]
  0x00000185dfcb45b0 JavaThread "ForkJoinPool.commonPool-worker-44" daemon [_thread_blocked, id=22052, stack(0x000000145b500000,0x000000145b600000) (1024K)]
  0x00000185dfcb3200 JavaThread "ForkJoinPool.commonPool-worker-45" daemon [_thread_blocked, id=8404, stack(0x000000145b600000,0x000000145b700000) (1024K)]
  0x00000185dfcb2b70 JavaThread "ForkJoinPool.commonPool-worker-43" daemon [_thread_blocked, id=20460, stack(0x000000145b700000,0x000000145b800000) (1024K)]
  0x00000185dfcb4c40 JavaThread "ForkJoinPool.commonPool-worker-46" daemon [_thread_blocked, id=17616, stack(0x000000145b800000,0x000000145b900000) (1024K)]
  0x00000185dfcb3890 JavaThread "ForkJoinPool.commonPool-worker-48" daemon [_thread_blocked, id=16120, stack(0x000000145b900000,0x000000145ba00000) (1024K)]
  0x00000185dfcb5960 JavaThread "ForkJoinPool.commonPool-worker-47" daemon [_thread_blocked, id=22124, stack(0x000000145ba00000,0x000000145bb00000) (1024K)]
  0x00000185de309de0 JavaThread "ForkJoinPool.commonPool-worker-49" daemon [_thread_blocked, id=29568, stack(0x000000145cd00000,0x000000145ce00000) (1024K)]
  0x00000185e015bda0 JavaThread "C1 CompilerThread1"         daemon [_thread_blocked, id=19948, stack(0x000000145d000000,0x000000145d100000) (1024K)]
  0x00000185e0159b90 JavaThread "C1 CompilerThread2"         daemon [_thread_blocked, id=4988, stack(0x000000145d100000,0x000000145d200000) (1024K)]
  0x00000185e0158720 JavaThread "C1 CompilerThread3"         daemon [_thread_blocked, id=23972, stack(0x000000145d200000,0x000000145d300000) (1024K)]
Total: 65

Other Threads:
  0x00000185fb6849e0 VMThread "VM Thread"                           [id=29384, stack(0x0000001458900000,0x0000001458a00000) (1024K)]
  0x00000185fb57ba00 WatcherThread "VM Periodic Task Thread"        [id=22676, stack(0x0000001458800000,0x0000001458900000) (1024K)]
=>0x00000185fb70f170 WorkerThread "GC Thread#0"                     [id=10764, stack(0x0000001458700000,0x0000001458800000) (1024K)]
  0x00000185daae3890 WorkerThread "GC Thread#1"                     [id=21980, stack(0x0000001459900000,0x0000001459a00000) (1024K)]
  0x00000185da790300 WorkerThread "GC Thread#2"                     [id=29032, stack(0x0000001459a00000,0x0000001459b00000) (1024K)]
  0x00000185da7906a0 WorkerThread "GC Thread#3"                     [id=4264, stack(0x0000001459b00000,0x0000001459c00000) (1024K)]
  0x00000185da9e33f0 WorkerThread "GC Thread#4"                     [id=19532, stack(0x0000001459c00000,0x0000001459d00000) (1024K)]
  0x00000185da9e3ba0 WorkerThread "GC Thread#5"                     [id=24984, stack(0x0000001459d00000,0x0000001459e00000) (1024K)]
  0x00000185da83ad40 WorkerThread "GC Thread#6"                     [id=7216, stack(0x0000001459e00000,0x0000001459f00000) (1024K)]
  0x00000185da75bd30 WorkerThread "GC Thread#7"                     [id=23600, stack(0x0000001459f00000,0x000000145a000000) (1024K)]
  0x00000185da75b990 WorkerThread "GC Thread#8"                     [id=29516, stack(0x000000145a500000,0x000000145a600000) (1024K)]
  0x00000185da75b250 WorkerThread "GC Thread#9"                     [id=28664, stack(0x000000145a600000,0x000000145a700000) (1024K)]
  0x00000185da75a3d0 WorkerThread "GC Thread#10"                    [id=23388, stack(0x000000145a700000,0x000000145a800000) (1024K)]
  0x00000185da75a770 WorkerThread "GC Thread#11"                    [id=2684, stack(0x000000145aa00000,0x000000145ab00000) (1024K)]
  0x00000185da75b5f0 WorkerThread "GC Thread#12"                    [id=14728, stack(0x000000145ac00000,0x000000145ad00000) (1024K)]
Total: 15

Threads with active compile tasks:
C2 CompilerThread0  3371938 23136       4       org.lombokweb.asm.ClassReader::readMethod (1070 bytes)
C1 CompilerThread0  3371938 23153       3       java.text.DecimalFormat::applyPattern (1638 bytes)
C1 CompilerThread1  3371938 23162       3       java.text.FieldPosition$Delegate::formatted (54 bytes)
C1 CompilerThread2  3371938 23149       3       java.text.NumberFormat::setMinimumIntegerDigits (29 bytes)
C1 CompilerThread3  3371938 23169       3       java.text.DecimalFormat::subformatNumber (1173 bytes)
Total: 5

VM state: at safepoint (normal execution)

VM Mutex/Monitor currently owned by a thread:  ([mutex/lock_event])
[0x00007ffcf088d570] Threads_lock - owner thread: 0x00000185fb6849e0
[0x00007ffcf088d670] Heap_lock - owner thread: 0x00000185e015bda0

Heap address: 0x0000000080000000, size: 2048 MB, Compressed Oops mode: 32-bit

CDS archive(s) mapped at: [0x0000018593000000-0x0000018593ba0000-0x0000018593ba0000), size 12189696, SharedBaseAddress: 0x0000018593000000, ArchiveRelocationMode: 1.
Compressed class space mapped at: 0x0000018594000000-0x00000185d4000000, reserved size: 1073741824
Narrow klass base: 0x0000018593000000, Narrow klass shift: 0, Narrow klass range: 0x100000000

GC Precious Log:
 CardTable entry size: 512
 CPUs: 16 total, 16 available
 Memory: 15713M
 Large Page Support: Disabled
 NUMA Support: Disabled
 Compressed Oops: Enabled (32-bit)
 Alignments: Space 512K, Generation 512K, Heap 2M
 Heap Min Capacity: 100M
 Heap Initial Capacity: 100M
 Heap Max Capacity: 2G
 Pre-touch: Disabled
 Parallel Workers: 13

Heap:
 PSYoungGen      total 9728K, used 416K [0x00000000d5580000, 0x00000000d6600000, 0x0000000100000000)
  eden space 9216K, 0% used [0x00000000d5580000,0x00000000d5580000,0x00000000d5e80000)
  from space 512K, 81% used [0x00000000d6500000,0x00000000d6568000,0x00000000d6580000)
  to   space 512K, 0% used [0x00000000d6580000,0x00000000d6580000,0x00000000d6600000)
 ParOldGen       total 947200K, used 719705K [0x0000000080000000, 0x00000000b9d00000, 0x00000000d5580000)
  object space 947200K, 75% used [0x0000000080000000,0x00000000abed6530,0x00000000b9d00000)
 Metaspace       used 103413K, committed 105600K, reserved 1179648K
  class space    used 10953K, committed 11904K, reserved 1048576K

Card table byte_map: [0x00000185fb090000,0x00000185fb4a0000] _byte_map_base: 0x00000185fac90000

Marking Bits: (ParMarkBitMap*) 0x00007ffcf0892460
 Begin Bits: [0x000001858f000000, 0x0000018591000000)
 End Bits:   [0x0000018591000000, 0x0000018593000000)

Polling page: 0x00000185f9440000

Metaspace:

Usage:
  Non-class:     90.29 MB used.
      Class:     10.70 MB used.
       Both:    100.99 MB used.

Virtual space:
  Non-class space:      128.00 MB reserved,      91.50 MB ( 71%) committed,  2 nodes.
      Class space:        1.00 GB reserved,      11.62 MB (  1%) committed,  1 nodes.
             Both:        1.12 GB reserved,     103.12 MB (  9%) committed. 

Chunk freelists:
   Non-Class:  4.45 MB
       Class:  4.28 MB
        Both:  8.74 MB

MaxMetaspaceSize: unlimited
CompressedClassSpaceSize: 1.00 GB
Initial GC threshold: 21.00 MB
Current GC threshold: 128.44 MB
CDS: on
 - commit_granule_bytes: 65536.
 - commit_granule_words: 8192.
 - virtual_space_node_default_size: 8388608.
 - enlarge_chunks_in_place: 1.
 - use_allocation_guard: 0.


Internal statistics:

num_allocs_failed_limit: 9.
num_arena_births: 1842.
num_arena_deaths: 74.
num_vsnodes_births: 3.
num_vsnodes_deaths: 0.
num_space_committed: 1652.
num_space_uncommitted: 2.
num_chunks_returned_to_freelist: 126.
num_chunks_taken_from_freelist: 6603.
num_chunk_merges: 43.
num_chunk_splits: 4184.
num_chunks_enlarged: 2564.
num_inconsistent_stats: 0.

CodeHeap 'non-profiled nmethods': size=119168Kb used=26669Kb max_used=26669Kb free=92498Kb
 bounds [0x0000018587ba0000, 0x00000185895b0000, 0x000001858f000000]
CodeHeap 'profiled nmethods': size=119104Kb used=48376Kb max_used=48376Kb free=70727Kb
 bounds [0x0000018580000000, 0x0000018582f40000, 0x0000018587450000]
CodeHeap 'non-nmethods': size=7488Kb used=3211Kb max_used=3247Kb free=4276Kb
 bounds [0x0000018587450000, 0x0000018587790000, 0x0000018587ba0000]
CodeCache: size=245760Kb, used=78256Kb, max_used=78292Kb, free=167501Kb
 total_blobs=22054, nmethods=21209, adapters=745, full_count=0
Compilation: enabled, stopped_count=0, restarted_count=0

Compilation events (20 events):
Event: 3371.813 Thread 0x00000185d44c8060 23153       3       java.text.DecimalFormat::applyPattern (1638 bytes)
Event: 3371.813 Thread 0x00000185e015bda0 23145       3       java.lang.Character::getType (5 bytes)
Event: 3371.813 Thread 0x00000185e015bda0 nmethod 23145 0x0000018582f35090 code [0x0000018582f35260, 0x0000018582f354b0]
Event: 3371.813 Thread 0x00000185e015bda0 23156       3       sun.util.locale.provider.JRELocaleProviderAdapter::getLocaleResources (51 bytes)
Event: 3371.814 Thread 0x00000185e015bda0 nmethod 23156 0x0000018582f35590 code [0x0000018582f35780, 0x0000018582f35d50]
Event: 3371.814 Thread 0x00000185e015bda0 23155       3       sun.util.locale.provider.CalendarDataUtility::findRegionOverride (108 bytes)
Event: 3371.816 Thread 0x00000185e015bda0 nmethod 23155 0x0000018582f35f10 code [0x0000018582f36340, 0x0000018582f37fe0]
Event: 3371.816 Thread 0x00000185e015bda0 23147       3       sun.util.locale.provider.LocaleResources::removeEmptyReferences (33 bytes)
Event: 3371.816 Thread 0x00000185e015bda0 nmethod 23147 0x0000018582f38b90 code [0x0000018582f38d60, 0x0000018582f391d8]
Event: 3371.816 Thread 0x00000185e015bda0 23161       3       java.text.DecimalFormat::expandAffix (295 bytes)
Event: 3371.819 Thread 0x00000185e015bda0 nmethod 23161 0x0000018582f39390 code [0x0000018582f397a0, 0x0000018582f3b7d8]
Event: 3371.819 Thread 0x00000185e015bda0 23166       3       java.text.DigitList::set (176 bytes)
Event: 3371.819 Thread 0x00000185e0159b90 23172       3       org.eclipse.jdt.internal.compiler.util.SimpleSet::add (90 bytes)
Event: 3371.819 Thread 0x00000185e0158720 23169       3       java.text.DecimalFormat::subformatNumber (1173 bytes)
Event: 3371.820 Thread 0x00000185e015bda0 nmethod 23166 0x0000018582f3c490 code [0x0000018582f3c6a0, 0x0000018582f3ccc0]
Event: 3371.820 Thread 0x00000185e015bda0 23162       3       java.text.FieldPosition$Delegate::formatted (54 bytes)
Event: 3371.820 Thread 0x00000185e0159b90 nmethod 23172 0x0000018582f3cf10 code [0x0000018582f3d120, 0x0000018582f3d8c0]
Event: 3371.820 Thread 0x00000185e0159b90 23164   !   3       java.text.DecimalFormatSymbols::clone (18 bytes)
Event: 3371.820 Thread 0x00000185e0159b90 nmethod 23164 0x0000018582f3db90 code [0x0000018582f3dd60, 0x0000018582f3e060]
Event: 3371.820 Thread 0x00000185e0159b90 23149       3       java.text.NumberFormat::setMinimumIntegerDigits (29 bytes)

GC Heap History (20 events):
Event: 3366.058 GC heap after
{Heap after GC invocations=1986 (full 4):
 PSYoungGen      total 9728K, used 480K [0x00000000d5580000, 0x00000000d6600000, 0x0000000100000000)
  eden space 9216K, 0% used [0x00000000d5580000,0x00000000d5580000,0x00000000d5e80000)
  from space 512K, 93% used [0x00000000d6580000,0x00000000d65f8000,0x00000000d6600000)
  to   space 512K, 0% used [0x00000000d6500000,0x00000000d6500000,0x00000000d6580000)
 ParOldGen       total 947200K, used 718091K [0x0000000080000000, 0x00000000b9d00000, 0x00000000d5580000)
  object space 947200K, 75% used [0x0000000080000000,0x00000000abd42ef0,0x00000000b9d00000)
 Metaspace       used 102997K, committed 105088K, reserved 1179648K
  class space    used 10926K, committed 11840K, reserved 1048576K
}
Event: 3366.214 GC heap before
{Heap before GC invocations=1987 (full 4):
 PSYoungGen      total 9728K, used 9696K [0x00000000d5580000, 0x00000000d6600000, 0x0000000100000000)
  eden space 9216K, 100% used [0x00000000d5580000,0x00000000d5e80000,0x00000000d5e80000)
  from space 512K, 93% used [0x00000000d6580000,0x00000000d65f8000,0x00000000d6600000)
  to   space 512K, 0% used [0x00000000d6500000,0x00000000d6500000,0x00000000d6580000)
 ParOldGen       total 947200K, used 718091K [0x0000000080000000, 0x00000000b9d00000, 0x00000000d5580000)
  object space 947200K, 75% used [0x0000000080000000,0x00000000abd42ef0,0x00000000b9d00000)
 Metaspace       used 103030K, committed 105152K, reserved 1179648K
  class space    used 10926K, committed 11840K, reserved 1048576K
}
Event: 3366.216 GC heap after
{Heap after GC invocations=1987 (full 4):
 PSYoungGen      total 9728K, used 464K [0x00000000d5580000, 0x00000000d6600000, 0x0000000100000000)
  eden space 9216K, 0% used [0x00000000d5580000,0x00000000d5580000,0x00000000d5e80000)
  from space 512K, 90% used [0x00000000d6500000,0x00000000d6574030,0x00000000d6580000)
  to   space 512K, 0% used [0x00000000d6580000,0x00000000d6580000,0x00000000d6600000)
 ParOldGen       total 947200K, used 718131K [0x0000000080000000, 0x00000000b9d00000, 0x00000000d5580000)
  object space 947200K, 75% used [0x0000000080000000,0x00000000abd4cef0,0x00000000b9d00000)
 Metaspace       used 103030K, committed 105152K, reserved 1179648K
  class space    used 10926K, committed 11840K, reserved 1048576K
}
Event: 3366.425 GC heap before
{Heap before GC invocations=1988 (full 4):
 PSYoungGen      total 9728K, used 9680K [0x00000000d5580000, 0x00000000d6600000, 0x0000000100000000)
  eden space 9216K, 100% used [0x00000000d5580000,0x00000000d5e80000,0x00000000d5e80000)
  from space 512K, 90% used [0x00000000d6500000,0x00000000d6574030,0x00000000d6580000)
  to   space 512K, 0% used [0x00000000d6580000,0x00000000d6580000,0x00000000d6600000)
 ParOldGen       total 947200K, used 718131K [0x0000000080000000, 0x00000000b9d00000, 0x00000000d5580000)
  object space 947200K, 75% used [0x0000000080000000,0x00000000abd4cef0,0x00000000b9d00000)
 Metaspace       used 103044K, committed 105216K, reserved 1179648K
  class space    used 10927K, committed 11904K, reserved 1048576K
}
Event: 3366.427 GC heap after
{Heap after GC invocations=1988 (full 4):
 PSYoungGen      total 9728K, used 474K [0x00000000d5580000, 0x00000000d6600000, 0x0000000100000000)
  eden space 9216K, 0% used [0x00000000d5580000,0x00000000d5580000,0x00000000d5e80000)
  from space 512K, 92% used [0x00000000d6580000,0x00000000d65f6900,0x00000000d6600000)
  to   space 512K, 0% used [0x00000000d6500000,0x00000000d6500000,0x00000000d6580000)
 ParOldGen       total 947200K, used 718283K [0x0000000080000000, 0x00000000b9d00000, 0x00000000d5580000)
  object space 947200K, 75% used [0x0000000080000000,0x00000000abd72f10,0x00000000b9d00000)
 Metaspace       used 103044K, committed 105216K, reserved 1179648K
  class space    used 10927K, committed 11904K, reserved 1048576K
}
Event: 3366.466 GC heap before
{Heap before GC invocations=1989 (full 4):
 PSYoungGen      total 9728K, used 9690K [0x00000000d5580000, 0x00000000d6600000, 0x0000000100000000)
  eden space 9216K, 100% used [0x00000000d5580000,0x00000000d5e80000,0x00000000d5e80000)
  from space 512K, 92% used [0x00000000d6580000,0x00000000d65f6900,0x00000000d6600000)
  to   space 512K, 0% used [0x00000000d6500000,0x00000000d6500000,0x00000000d6580000)
 ParOldGen       total 947200K, used 718283K [0x0000000080000000, 0x00000000b9d00000, 0x00000000d5580000)
  object space 947200K, 75% used [0x0000000080000000,0x00000000abd72f10,0x00000000b9d00000)
 Metaspace       used 103053K, committed 105216K, reserved 1179648K
  class space    used 10927K, committed 11904K, reserved 1048576K
}
Event: 3366.468 GC heap after
{Heap after GC invocations=1989 (full 4):
 PSYoungGen      total 9728K, used 506K [0x00000000d5580000, 0x00000000d6600000, 0x0000000100000000)
  eden space 9216K, 0% used [0x00000000d5580000,0x00000000d5580000,0x00000000d5e80000)
  from space 512K, 98% used [0x00000000d6500000,0x00000000d657e900,0x00000000d6580000)
  to   space 512K, 0% used [0x00000000d6580000,0x00000000d6580000,0x00000000d6600000)
 ParOldGen       total 947200K, used 718379K [0x0000000080000000, 0x00000000b9d00000, 0x00000000d5580000)
  object space 947200K, 75% used [0x0000000080000000,0x00000000abd8af10,0x00000000b9d00000)
 Metaspace       used 103053K, committed 105216K, reserved 1179648K
  class space    used 10927K, committed 11904K, reserved 1048576K
}
Event: 3368.340 GC heap before
{Heap before GC invocations=1990 (full 4):
 PSYoungGen      total 9728K, used 9722K [0x00000000d5580000, 0x00000000d6600000, 0x0000000100000000)
  eden space 9216K, 100% used [0x00000000d5580000,0x00000000d5e80000,0x00000000d5e80000)
  from space 512K, 98% used [0x00000000d6500000,0x00000000d657e900,0x00000000d6580000)
  to   space 512K, 0% used [0x00000000d6580000,0x00000000d6580000,0x00000000d6600000)
 ParOldGen       total 947200K, used 718379K [0x0000000080000000, 0x00000000b9d00000, 0x00000000d5580000)
  object space 947200K, 75% used [0x0000000080000000,0x00000000abd8af10,0x00000000b9d00000)
 Metaspace       used 103080K, committed 105280K, reserved 1179648K
  class space    used 10927K, committed 11904K, reserved 1048576K
}
Event: 3368.342 GC heap after
{Heap after GC invocations=1990 (full 4):
 PSYoungGen      total 9728K, used 432K [0x00000000d5580000, 0x00000000d6600000, 0x0000000100000000)
  eden space 9216K, 0% used [0x00000000d5580000,0x00000000d5580000,0x00000000d5e80000)
  from space 512K, 84% used [0x00000000d6580000,0x00000000d65ec010,0x00000000d6600000)
  to   space 512K, 0% used [0x00000000d6500000,0x00000000d6500000,0x00000000d6580000)
 ParOldGen       total 947200K, used 718752K [0x0000000080000000, 0x00000000b9d00000, 0x00000000d5580000)
  object space 947200K, 75% used [0x0000000080000000,0x00000000abde8120,0x00000000b9d00000)
 Metaspace       used 103080K, committed 105280K, reserved 1179648K
  class space    used 10927K, committed 11904K, reserved 1048576K
}
Event: 3368.487 GC heap before
{Heap before GC invocations=1991 (full 4):
 PSYoungGen      total 9728K, used 9648K [0x00000000d5580000, 0x00000000d6600000, 0x0000000100000000)
  eden space 9216K, 100% used [0x00000000d5580000,0x00000000d5e80000,0x00000000d5e80000)
  from space 512K, 84% used [0x00000000d6580000,0x00000000d65ec010,0x00000000d6600000)
  to   space 512K, 0% used [0x00000000d6500000,0x00000000d6500000,0x00000000d6580000)
 ParOldGen       total 947200K, used 718752K [0x0000000080000000, 0x00000000b9d00000, 0x00000000d5580000)
  object space 947200K, 75% used [0x0000000080000000,0x00000000abde8120,0x00000000b9d00000)
 Metaspace       used 103105K, committed 105280K, reserved 1179648K
  class space    used 10927K, committed 11904K, reserved 1048576K
}
Event: 3368.488 GC heap after
{Heap after GC invocations=1991 (full 4):
 PSYoungGen      total 9728K, used 432K [0x00000000d5580000, 0x00000000d6600000, 0x0000000100000000)
  eden space 9216K, 0% used [0x00000000d5580000,0x00000000d5580000,0x00000000d5e80000)
  from space 512K, 84% used [0x00000000d6500000,0x00000000d656c010,0x00000000d6580000)
  to   space 512K, 0% used [0x00000000d6580000,0x00000000d6580000,0x00000000d6600000)
 ParOldGen       total 947200K, used 718888K [0x0000000080000000, 0x00000000b9d00000, 0x00000000d5580000)
  object space 947200K, 75% used [0x0000000080000000,0x00000000abe0a120,0x00000000b9d00000)
 Metaspace       used 103105K, committed 105280K, reserved 1179648K
  class space    used 10927K, committed 11904K, reserved 1048576K
}
Event: 3368.758 GC heap before
{Heap before GC invocations=1992 (full 4):
 PSYoungGen      total 9728K, used 9648K [0x00000000d5580000, 0x00000000d6600000, 0x0000000100000000)
  eden space 9216K, 100% used [0x00000000d5580000,0x00000000d5e80000,0x00000000d5e80000)
  from space 512K, 84% used [0x00000000d6500000,0x00000000d656c010,0x00000000d6580000)
  to   space 512K, 0% used [0x00000000d6580000,0x00000000d6580000,0x00000000d6600000)
 ParOldGen       total 947200K, used 718888K [0x0000000080000000, 0x00000000b9d00000, 0x00000000d5580000)
  object space 947200K, 75% used [0x0000000080000000,0x00000000abe0a120,0x00000000b9d00000)
 Metaspace       used 103115K, committed 105344K, reserved 1179648K
  class space    used 10927K, committed 11904K, reserved 1048576K
}
Event: 3368.759 GC heap after
{Heap after GC invocations=1992 (full 4):
 PSYoungGen      total 9728K, used 352K [0x00000000d5580000, 0x00000000d6600000, 0x0000000100000000)
  eden space 9216K, 0% used [0x00000000d5580000,0x00000000d5580000,0x00000000d5e80000)
  from space 512K, 68% used [0x00000000d6580000,0x00000000d65d8000,0x00000000d6600000)
  to   space 512K, 0% used [0x00000000d6500000,0x00000000d6500000,0x00000000d6580000)
 ParOldGen       total 947200K, used 718936K [0x0000000080000000, 0x00000000b9d00000, 0x00000000d5580000)
  object space 947200K, 75% used [0x0000000080000000,0x00000000abe16120,0x00000000b9d00000)
 Metaspace       used 103115K, committed 105344K, reserved 1179648K
  class space    used 10927K, committed 11904K, reserved 1048576K
}
Event: 3369.264 GC heap before
{Heap before GC invocations=1993 (full 4):
 PSYoungGen      total 9728K, used 9568K [0x00000000d5580000, 0x00000000d6600000, 0x0000000100000000)
  eden space 9216K, 100% used [0x00000000d5580000,0x00000000d5e80000,0x00000000d5e80000)
  from space 512K, 68% used [0x00000000d6580000,0x00000000d65d8000,0x00000000d6600000)
  to   space 512K, 0% used [0x00000000d6500000,0x00000000d6500000,0x00000000d6580000)
 ParOldGen       total 947200K, used 718936K [0x0000000080000000, 0x00000000b9d00000, 0x00000000d5580000)
  object space 947200K, 75% used [0x0000000080000000,0x00000000abe16120,0x00000000b9d00000)
 Metaspace       used 103187K, committed 105472K, reserved 1179648K
  class space    used 10927K, committed 11904K, reserved 1048576K
}
Event: 3369.265 GC heap after
{Heap after GC invocations=1993 (full 4):
 PSYoungGen      total 9728K, used 500K [0x00000000d5580000, 0x00000000d6600000, 0x0000000100000000)
  eden space 9216K, 0% used [0x00000000d5580000,0x00000000d5580000,0x00000000d5e80000)
  from space 512K, 97% used [0x00000000d6500000,0x00000000d657d200,0x00000000d6580000)
  to   space 512K, 0% used [0x00000000d6580000,0x00000000d6580000,0x00000000d6600000)
 ParOldGen       total 947200K, used 719040K [0x0000000080000000, 0x00000000b9d00000, 0x00000000d5580000)
  object space 947200K, 75% used [0x0000000080000000,0x00000000abe30130,0x00000000b9d00000)
 Metaspace       used 103187K, committed 105472K, reserved 1179648K
  class space    used 10927K, committed 11904K, reserved 1048576K
}
Event: 3371.788 GC heap before
{Heap before GC invocations=1994 (full 4):
 PSYoungGen      total 9728K, used 9716K [0x00000000d5580000, 0x00000000d6600000, 0x0000000100000000)
  eden space 9216K, 100% used [0x00000000d5580000,0x00000000d5e80000,0x00000000d5e80000)
  from space 512K, 97% used [0x00000000d6500000,0x00000000d657d200,0x00000000d6580000)
  to   space 512K, 0% used [0x00000000d6580000,0x00000000d6580000,0x00000000d6600000)
 ParOldGen       total 947200K, used 719040K [0x0000000080000000, 0x00000000b9d00000, 0x00000000d5580000)
  object space 947200K, 75% used [0x0000000080000000,0x00000000abe30130,0x00000000b9d00000)
 Metaspace       used 103318K, committed 105536K, reserved 1179648K
  class space    used 10946K, committed 11904K, reserved 1048576K
}
Event: 3371.790 GC heap after
{Heap after GC invocations=1994 (full 4):
 PSYoungGen      total 9728K, used 404K [0x00000000d5580000, 0x00000000d6600000, 0x0000000100000000)
  eden space 9216K, 0% used [0x00000000d5580000,0x00000000d5580000,0x00000000d5e80000)
  from space 512K, 79% used [0x00000000d6580000,0x00000000d65e5200,0x00000000d6600000)
  to   space 512K, 0% used [0x00000000d6500000,0x00000000d6500000,0x00000000d6580000)
 ParOldGen       total 947200K, used 719524K [0x0000000080000000, 0x00000000b9d00000, 0x00000000d5580000)
  object space 947200K, 75% used [0x0000000080000000,0x00000000abea9330,0x00000000b9d00000)
 Metaspace       used 103318K, committed 105536K, reserved 1179648K
  class space    used 10946K, committed 11904K, reserved 1048576K
}
Event: 3371.821 GC heap before
{Heap before GC invocations=1995 (full 4):
 PSYoungGen      total 9728K, used 3059K [0x00000000d5580000, 0x00000000d6600000, 0x0000000100000000)
  eden space 9216K, 28% used [0x00000000d5580000,0x00000000d5817cd8,0x00000000d5e80000)
  from space 512K, 79% used [0x00000000d6580000,0x00000000d65e5200,0x00000000d6600000)
  to   space 512K, 0% used [0x00000000d6500000,0x00000000d6500000,0x00000000d6580000)
 ParOldGen       total 947200K, used 719524K [0x0000000080000000, 0x00000000b9d00000, 0x00000000d5580000)
  object space 947200K, 75% used [0x0000000080000000,0x00000000abea9330,0x00000000b9d00000)
 Metaspace       used 103413K, committed 105600K, reserved 1179648K
  class space    used 10953K, committed 11904K, reserved 1048576K
}
Event: 3371.823 GC heap after
{Heap after GC invocations=1995 (full 4):
 PSYoungGen      total 9728K, used 416K [0x00000000d5580000, 0x00000000d6600000, 0x0000000100000000)
  eden space 9216K, 0% used [0x00000000d5580000,0x00000000d5580000,0x00000000d5e80000)
  from space 512K, 81% used [0x00000000d6500000,0x00000000d6568000,0x00000000d6580000)
  to   space 512K, 0% used [0x00000000d6580000,0x00000000d6580000,0x00000000d6600000)
 ParOldGen       total 947200K, used 719705K [0x0000000080000000, 0x00000000b9d00000, 0x00000000d5580000)
  object space 947200K, 75% used [0x0000000080000000,0x00000000abed6530,0x00000000b9d00000)
 Metaspace       used 103413K, committed 105600K, reserved 1179648K
  class space    used 10953K, committed 11904K, reserved 1048576K
}
Event: 3371.823 GC heap before
{Heap before GC invocations=1996 (full 5):
 PSYoungGen      total 9728K, used 416K [0x00000000d5580000, 0x00000000d6600000, 0x0000000100000000)
  eden space 9216K, 0% used [0x00000000d5580000,0x00000000d5580000,0x00000000d5e80000)
  from space 512K, 81% used [0x00000000d6500000,0x00000000d6568000,0x00000000d6580000)
  to   space 512K, 0% used [0x00000000d6580000,0x00000000d6580000,0x00000000d6600000)
 ParOldGen       total 947200K, used 719705K [0x0000000080000000, 0x00000000b9d00000, 0x00000000d5580000)
  object space 947200K, 75% used [0x0000000080000000,0x00000000abed6530,0x00000000b9d00000)
 Metaspace       used 103413K, committed 105600K, reserved 1179648K
  class space    used 10953K, committed 11904K, reserved 1048576K
}

Dll operation events (14 events):
Event: 0.017 Loaded shared library c:\Users\jonas\.vscode\extensions\redhat.java-1.51.0-win32-x64\jre\21.0.9-win32-x86_64\bin\java.dll
Event: 0.121 Loaded shared library c:\Users\jonas\.vscode\extensions\redhat.java-1.51.0-win32-x64\jre\21.0.9-win32-x86_64\bin\zip.dll
Event: 0.159 Loaded shared library C:\Users\jonas\.vscode\extensions\redhat.java-1.51.0-win32-x64\jre\21.0.9-win32-x86_64\bin\instrument.dll
Event: 0.168 Loaded shared library C:\Users\jonas\.vscode\extensions\redhat.java-1.51.0-win32-x64\jre\21.0.9-win32-x86_64\bin\net.dll
Event: 0.173 Loaded shared library C:\Users\jonas\.vscode\extensions\redhat.java-1.51.0-win32-x64\jre\21.0.9-win32-x86_64\bin\nio.dll
Event: 0.180 Loaded shared library C:\Users\jonas\.vscode\extensions\redhat.java-1.51.0-win32-x64\jre\21.0.9-win32-x86_64\bin\zip.dll
Event: 0.212 Loaded shared library C:\Users\jonas\.vscode\extensions\redhat.java-1.51.0-win32-x64\jre\21.0.9-win32-x86_64\bin\jimage.dll
Event: 0.350 Loaded shared library c:\Users\jonas\.vscode\extensions\redhat.java-1.51.0-win32-x64\jre\21.0.9-win32-x86_64\bin\verify.dll
Event: 2.167 Loaded shared library C:\Users\jonas\AppData\Roaming\Code\User\globalStorage\redhat.java\1.51.0\config_win\org.eclipse.equinox.launcher\org.eclipse.equinox.launcher.win32.win32.x86_64_1.2.1400.v20250801-0854\eclipse_11916.dll
Event: 3.945 Loaded shared library C:\Users\jonas\.vscode\extensions\redhat.java-1.51.0-win32-x64\jre\21.0.9-win32-x86_64\bin\management.dll
Event: 3.950 Loaded shared library C:\Users\jonas\.vscode\extensions\redhat.java-1.51.0-win32-x64\jre\21.0.9-win32-x86_64\bin\management_ext.dll
Event: 6.431 Loaded shared library C:\Users\jonas\AppData\Local\Temp\jna-101308859\jna10928879380085994979.dll
Event: 7.395 Loaded shared library C:\Users\jonas\.vscode\extensions\redhat.java-1.51.0-win32-x64\jre\21.0.9-win32-x86_64\bin\sunmscapi.dll
Event: 7.598 Loaded shared library C:\Users\jonas\.vscode\extensions\redhat.java-1.51.0-win32-x64\jre\21.0.9-win32-x86_64\bin\extnet.dll

Deoptimization events (20 events):
Event: 3367.132 Thread 0x00000185e002a920 DEOPT PACKING pc=0x0000018589560cfc sp=0x000000145cffe820
Event: 3367.132 Thread 0x00000185e002a920 DEOPT UNPACKING pc=0x00000185874a3aa2 sp=0x000000145cffe760 mode 2
Event: 3367.856 Thread 0x00000185e002a920 Uncommon trap: trap_request=0xffffffd6 fr.pc=0x0000018589560cfc relative=0x0000000000000a1c
Event: 3367.856 Thread 0x00000185e002a920 Uncommon trap: reason=array_check action=maybe_recompile pc=0x0000018589560cfc method=com.google.gson.internal.GsonTypes$ParameterizedTypeImpl.<init>(Ljava/lang/reflect/Type;Ljava/lang/Class;[Ljava/lang/reflect/Type;)V @ 136 c2
Event: 3367.856 Thread 0x00000185e002a920 DEOPT PACKING pc=0x0000018589560cfc sp=0x000000145cffe820
Event: 3367.856 Thread 0x00000185e002a920 DEOPT UNPACKING pc=0x00000185874a3aa2 sp=0x000000145cffe760 mode 2
Event: 3369.155 Thread 0x00000185e002bcd0 DEOPT PACKING pc=0x0000018581f68624 sp=0x000000145b1fe860
Event: 3369.155 Thread 0x00000185e002bcd0 DEOPT UNPACKING pc=0x00000185874a4242 sp=0x000000145b1fdc88 mode 0
Event: 3371.781 Thread 0x00000185e002bcd0 Uncommon trap: trap_request=0xfffffff4 fr.pc=0x000001858942bc1c relative=0x000000000000127c
Event: 3371.781 Thread 0x00000185e002bcd0 Uncommon trap: reason=null_check action=make_not_entrant pc=0x000001858942bc1c method=org.eclipse.jdt.internal.core.JavaModelCache.peekAtInfo(Lorg/eclipse/jdt/core/IJavaElement;)Lorg/eclipse/jdt/internal/compiler/env/IElementInfo; @ 152 c2
Event: 3371.781 Thread 0x00000185e002bcd0 DEOPT PACKING pc=0x000001858942bc1c sp=0x000000145b1fec40
Event: 3371.781 Thread 0x00000185e002bcd0 DEOPT UNPACKING pc=0x00000185874a3aa2 sp=0x000000145b1febf8 mode 2
Event: 3371.806 Thread 0x00000185e002bcd0 Uncommon trap: trap_request=0xffffff45 fr.pc=0x0000018588de9310 relative=0x00000000000002b0
Event: 3371.806 Thread 0x00000185e002bcd0 Uncommon trap: reason=unstable_if action=reinterpret pc=0x0000018588de9310 method=org.eclipse.core.internal.resources.Resource.checkExists(IZ)V @ 6 c2
Event: 3371.806 Thread 0x00000185e002bcd0 DEOPT PACKING pc=0x0000018588de9310 sp=0x000000145b1fe1b0
Event: 3371.806 Thread 0x00000185e002bcd0 DEOPT UNPACKING pc=0x00000185874a3aa2 sp=0x000000145b1fe018 mode 2
Event: 3371.806 Thread 0x00000185e002bcd0 Uncommon trap: trap_request=0xffffff45 fr.pc=0x0000018588fac398 relative=0x0000000000000078
Event: 3371.806 Thread 0x00000185e002bcd0 Uncommon trap: reason=unstable_if action=reinterpret pc=0x0000018588fac398 method=org.eclipse.core.internal.resources.Resource.checkExists(IZ)V @ 6 c2
Event: 3371.806 Thread 0x00000185e002bcd0 DEOPT PACKING pc=0x0000018588fac398 sp=0x000000145b1fe0a0
Event: 3371.806 Thread 0x00000185e002bcd0 DEOPT UNPACKING pc=0x00000185874a3aa2 sp=0x000000145b1fe020 mode 2

Classes loaded (20 events):
Event: 398.824 Loading class java/lang/UnsupportedClassVersionError
Event: 398.824 Loading class java/lang/UnsupportedClassVersionError done
Event: 401.251 Loading class jdk/internal/ref/CleanerImpl$InnocuousThreadFactory
Event: 401.252 Loading class jdk/internal/ref/CleanerImpl$InnocuousThreadFactory done
Event: 403.071 Loading class java/util/function/IntPredicate
Event: 403.071 Loading class java/util/function/IntPredicate done
Event: 403.093 Loading class java/util/regex/Pattern$Bound
Event: 403.093 Loading class java/util/regex/Pattern$Bound done
Event: 510.759 Loading class java/util/stream/ReferencePipeline$4
Event: 510.759 Loading class java/util/stream/ReferencePipeline$4 done
Event: 510.760 Loading class java/util/stream/Nodes$IntFixedNodeBuilder
Event: 510.760 Loading class java/util/stream/Node$Builder$OfInt
Event: 510.760 Loading class java/util/stream/Node$Builder$OfInt done
Event: 510.760 Loading class java/util/stream/Nodes$IntArrayNode
Event: 510.761 Loading class java/util/stream/Nodes$IntArrayNode done
Event: 510.761 Loading class java/util/stream/Nodes$IntFixedNodeBuilder done
Event: 510.761 Loading class java/util/stream/ReferencePipeline$4$1
Event: 510.761 Loading class java/util/stream/ReferencePipeline$4$1 done
Event: 3308.982 Loading class java/util/concurrent/LinkedBlockingQueue$Itr
Event: 3308.983 Loading class java/util/concurrent/LinkedBlockingQueue$Itr done

Classes unloaded (20 events):
Event: 332.381 Thread 0x00000185fb6849e0 Unloading class 0x00000185946cf800 'java/lang/invoke/LambdaForm$MH+0x00000185946cf800'
Event: 332.381 Thread 0x00000185fb6849e0 Unloading class 0x00000185946cf400 'java/lang/invoke/LambdaForm$MH+0x00000185946cf400'
Event: 332.381 Thread 0x00000185fb6849e0 Unloading class 0x00000185946cf000 'java/lang/invoke/LambdaForm$MH+0x00000185946cf000'
Event: 332.381 Thread 0x00000185fb6849e0 Unloading class 0x00000185946cec00 'java/lang/invoke/LambdaForm$MH+0x00000185946cec00'
Event: 332.381 Thread 0x00000185fb6849e0 Unloading class 0x00000185946ce800 'java/lang/invoke/LambdaForm$MH+0x00000185946ce800'
Event: 332.381 Thread 0x00000185fb6849e0 Unloading class 0x00000185946ce400 'java/lang/invoke/LambdaForm$MH+0x00000185946ce400'
Event: 332.381 Thread 0x00000185fb6849e0 Unloading class 0x00000185946ce000 'java/lang/invoke/LambdaForm$MH+0x00000185946ce000'
Event: 332.381 Thread 0x00000185fb6849e0 Unloading class 0x00000185946cdc00 'java/lang/invoke/LambdaForm$MH+0x00000185946cdc00'
Event: 332.381 Thread 0x00000185fb6849e0 Unloading class 0x00000185946cd800 'java/lang/invoke/LambdaForm$BMH+0x00000185946cd800'
Event: 332.381 Thread 0x00000185fb6849e0 Unloading class 0x00000185946cd400 'java/lang/invoke/LambdaForm$DMH+0x00000185946cd400'
Event: 332.381 Thread 0x00000185fb6849e0 Unloading class 0x00000185946cd000 'java/lang/invoke/LambdaForm$DMH+0x00000185946cd000'
Event: 332.381 Thread 0x00000185fb6849e0 Unloading class 0x00000185946d0a28 'io/quarkus/deployment/CodeGenProvider'
Event: 332.381 Thread 0x00000185fb6849e0 Unloading class 0x00000185946d0800 'io/quarkus/deployment/CodeGenerator$$Lambda+0x00000185946d0800'
Event: 332.381 Thread 0x00000185fb6849e0 Unloading class 0x00000185946ccca8 'io/quarkus/deployment/CodeGenerator$CodeGenAction'
Event: 332.381 Thread 0x00000185fb6849e0 Unloading class 0x00000185946cca70 'io/quarkus/deployment/CodeGenerator$$Lambda+0x00000185946cca70'
Event: 332.381 Thread 0x00000185fb6849e0 Unloading class 0x00000185946cc820 'io/quarkus/runtime/LaunchMode'
Event: 332.381 Thread 0x00000185fb6849e0 Unloading class 0x00000185946cc620 'org/eclipse/microprofile/config/Config'
Event: 332.381 Thread 0x00000185fb6849e0 Unloading class 0x00000185946cc408 'io/quarkus/deployment/codegen/CodeGenData'
Event: 332.381 Thread 0x00000185fb6849e0 Unloading class 0x00000185946cc208 'org/eclipse/microprofile/config/ConfigValue'
Event: 332.381 Thread 0x00000185fb6849e0 Unloading class 0x00000185946cc000 'io/quarkus/deployment/CodeGenerator'

Classes redefined (0 events):
No events

Internal exceptions (20 events):
Event: 3326.187 Thread 0x00000185e22dd2b0 Implicit null exception at 0x0000018587ea65c2 to 0x0000018587ea787c
Event: 3326.467 Thread 0x00000185e22dd2b0 Exception <a 'java/lang/NoSuchMethodError'{0x00000000d5669108}: 'int java.lang.invoke.DirectMethodHandle$Holder.invokeSpecialIFC(java.lang.Object, java.lang.Object, int)'> (0x00000000d5669108) 
thrown [s\src\hotspot\share\interpreter\linkResolver.cpp, line 773]
Event: 3359.433 Thread 0x00000185e002a920 Exception <a 'java/lang/IncompatibleClassChangeError'{0x00000000d563df70}: Found class java.lang.Object, but interface was expected> (0x00000000d563df70) 
thrown [s\src\hotspot\share\interpreter\linkResolver.cpp, line 840]
Event: 3359.562 Thread 0x00000185db39e870 Implicit null exception at 0x0000018589314336 to 0x00000185893161b4
Event: 3359.594 Thread 0x00000185db39e870 Exception <a 'sun/nio/fs/WindowsException'{0x00000000d57b7e58}> (0x00000000d57b7e58) 
thrown [s\src\hotspot\share\prims\jni.cpp, line 520]
Event: 3359.851 Thread 0x00000185db39e870 Exception <a 'sun/nio/fs/WindowsException'{0x00000000d569ec58}> (0x00000000d569ec58) 
thrown [s\src\hotspot\share\prims\jni.cpp, line 520]
Event: 3359.856 Thread 0x00000185db39e870 Implicit null exception at 0x000001858930aafd to 0x000001858930af50
Event: 3363.829 Thread 0x00000185e002a920 Exception <a 'java/lang/IncompatibleClassChangeError'{0x00000000d5cd6188}: Found class java.lang.Object, but interface was expected> (0x00000000d5cd6188) 
thrown [s\src\hotspot\share\interpreter\linkResolver.cpp, line 840]
Event: 3363.890 Thread 0x00000185e002a920 Exception <a 'java/lang/ArrayIndexOutOfBoundsException'{0x00000000d57255a0}: Index 288 out of bounds for length 288> (0x00000000d57255a0) 
thrown [s\src\hotspot\share\interpreter\interpreterRuntime.cpp, line 439]
Event: 3364.352 Thread 0x00000185e002a920 Exception <a 'java/lang/ArrayIndexOutOfBoundsException'{0x00000000d57f7d50}: Index 292 out of bounds for length 292> (0x00000000d57f7d50) 
thrown [s\src\hotspot\share\interpreter\interpreterRuntime.cpp, line 439]
Event: 3364.424 Thread 0x00000185e002a920 Exception <a 'java/lang/ArrayIndexOutOfBoundsException'{0x00000000d561ae48}: Index 293 out of bounds for length 293> (0x00000000d561ae48) 
thrown [s\src\hotspot\share\interpreter\interpreterRuntime.cpp, line 439]
Event: 3365.049 Thread 0x00000185e002a920 Exception <a 'java/lang/ArrayIndexOutOfBoundsException'{0x00000000d5b21058}: Index 294 out of bounds for length 294> (0x00000000d5b21058) 
thrown [s\src\hotspot\share\interpreter\interpreterRuntime.cpp, line 439]
Event: 3365.394 Thread 0x00000185e002a920 Exception <a 'java/lang/ArrayIndexOutOfBoundsException'{0x00000000d5a207e8}: Index 295 out of bounds for length 295> (0x00000000d5a207e8) 
thrown [s\src\hotspot\share\interpreter\interpreterRuntime.cpp, line 439]
Event: 3365.580 Thread 0x00000185e002a920 Exception <a 'java/lang/ArrayIndexOutOfBoundsException'{0x00000000d5875110}> (0x00000000d5875110) 
thrown [s\src\hotspot\share\runtime\sharedRuntime.cpp, line 625]
Event: 3365.802 Thread 0x00000185e002a920 Exception <a 'java/lang/ArrayIndexOutOfBoundsException'{0x00000000d56b8958}> (0x00000000d56b8958) 
thrown [s\src\hotspot\share\runtime\sharedRuntime.cpp, line 625]
Event: 3366.054 Thread 0x00000185e002a920 Exception <a 'java/lang/ArrayIndexOutOfBoundsException'{0x00000000d5dc7f08}> (0x00000000d5dc7f08) 
thrown [s\src\hotspot\share\runtime\sharedRuntime.cpp, line 625]
Event: 3366.166 Thread 0x00000185e002a920 Exception <a 'java/lang/ArrayIndexOutOfBoundsException'{0x00000000d5c22148}> (0x00000000d5c22148) 
thrown [s\src\hotspot\share\runtime\sharedRuntime.cpp, line 625]
Event: 3366.361 Thread 0x00000185e002a920 Exception <a 'java/lang/ArrayIndexOutOfBoundsException'{0x00000000d5a496c0}> (0x00000000d5a496c0) 
thrown [s\src\hotspot\share\runtime\sharedRuntime.cpp, line 625]
Event: 3366.450 Thread 0x00000185e002a920 Exception <a 'java/lang/ArrayIndexOutOfBoundsException'{0x00000000d58d1608}> (0x00000000d58d1608) 
thrown [s\src\hotspot\share\runtime\sharedRuntime.cpp, line 625]
Event: 3371.781 Thread 0x00000185e002bcd0 Implicit null exception at 0x000001858942aa63 to 0x000001858942bc10

ZGC Phase Switch (0 events):
No events

VM Operations (20 events):
Event: 3368.167 Executing VM operation: Cleanup done
Event: 3368.340 Executing VM operation: ParallelGCFailedAllocation (Allocation Failure)
Event: 3368.342 Executing VM operation: ParallelGCFailedAllocation (Allocation Failure) done
Event: 3368.487 Executing VM operation: ParallelGCFailedAllocation (Allocation Failure)
Event: 3368.488 Executing VM operation: ParallelGCFailedAllocation (Allocation Failure) done
Event: 3368.758 Executing VM operation: ParallelGCFailedAllocation (Allocation Failure)
Event: 3368.759 Executing VM operation: ParallelGCFailedAllocation (Allocation Failure) done
Event: 3369.264 Executing VM operation: ParallelGCFailedAllocation (Allocation Failure)
Event: 3369.266 Executing VM operation: ParallelGCFailedAllocation (Allocation Failure) done
Event: 3370.273 Executing VM operation: Cleanup
Event: 3370.273 Executing VM operation: Cleanup done
Event: 3371.279 Executing VM operation: Cleanup
Event: 3371.279 Executing VM operation: Cleanup done
Event: 3371.788 Executing VM operation: ParallelGCFailedAllocation (Allocation Failure)
Event: 3371.790 Executing VM operation: ParallelGCFailedAllocation (Allocation Failure) done
Event: 3371.800 Executing VM operation: HandshakeAllThreads (Deoptimize)
Event: 3371.800 Executing VM operation: HandshakeAllThreads (Deoptimize) done
Event: 3371.802 Executing VM operation: HandshakeAllThreads (Deoptimize)
Event: 3371.802 Executing VM operation: HandshakeAllThreads (Deoptimize) done
Event: 3371.820 Executing VM operation: ParallelGCSystemGC (CodeCache GC Threshold)

Memory protections (0 events):
No events

Nmethod flushes (20 events):
Event: 332.441 Thread 0x00000185fb6849e0 flushing  nmethod 0x000001858126e010
Event: 332.441 Thread 0x00000185fb6849e0 flushing  nmethod 0x00000185812a4b90
Event: 332.441 Thread 0x00000185fb6849e0 flushing  nmethod 0x00000185812c2990
Event: 332.441 Thread 0x00000185fb6849e0 flushing  nmethod 0x00000185812cc410
Event: 332.441 Thread 0x00000185fb6849e0 flushing  nmethod 0x000001858132a490
Event: 332.441 Thread 0x00000185fb6849e0 flushing  nmethod 0x0000018581352890
Event: 332.441 Thread 0x00000185fb6849e0 flushing  nmethod 0x0000018581358c90
Event: 332.441 Thread 0x00000185fb6849e0 flushing  nmethod 0x0000018581360590
Event: 332.441 Thread 0x00000185fb6849e0 flushing  nmethod 0x0000018581363690
Event: 332.441 Thread 0x00000185fb6849e0 flushing osr nmethod 0x0000018581363b10
Event: 332.441 Thread 0x00000185fb6849e0 flushing  nmethod 0x0000018581364210
Event: 332.441 Thread 0x00000185fb6849e0 flushing  nmethod 0x0000018581371610
Event: 332.441 Thread 0x00000185fb6849e0 flushing  nmethod 0x0000018581396a90
Event: 332.441 Thread 0x00000185fb6849e0 flushing  nmethod 0x00000185813a9c90
Event: 332.441 Thread 0x00000185fb6849e0 flushing  nmethod 0x00000185813bd410
Event: 332.441 Thread 0x00000185fb6849e0 flushing  nmethod 0x00000185813ee710
Event: 332.441 Thread 0x00000185fb6849e0 flushing  nmethod 0x00000185813ef310
Event: 332.441 Thread 0x00000185fb6849e0 flushing  nmethod 0x00000185813efa90
Event: 332.441 Thread 0x00000185fb6849e0 flushing  nmethod 0x0000018581470310
Event: 332.441 Thread 0x00000185fb6849e0 flushing  nmethod 0x0000018581498e90

Events (20 events):
Event: 3360.746 Thread 0x00000185e22dc590 Thread added: 0x00000185e002c360
Event: 3360.746 Thread 0x00000185e002d080 Thread added: 0x00000185dfcb24e0
Event: 3360.746 Thread 0x00000185e002bcd0 Thread added: 0x00000185dfcb45b0
Event: 3360.746 Thread 0x00000185e002c360 Thread added: 0x00000185dfcb3200
Event: 3360.746 Thread 0x00000185e002d710 Thread added: 0x00000185dfcb2b70
Event: 3360.746 Thread 0x00000185dfcb24e0 Thread added: 0x00000185dfcb4c40
Event: 3360.747 Thread 0x00000185e22dc590 Thread added: 0x00000185dfcb3890
Event: 3360.747 Thread 0x00000185dfcb45b0 Thread added: 0x00000185dfcb5960
Event: 3360.747 Thread 0x00000185dfcb3200 Thread added: 0x00000185de309de0
Event: 3360.750 Thread 0x00000185d44c6fc0 Thread added: 0x00000185e0158720
Event: 3362.219 Thread 0x00000185e0158720 Thread exited: 0x00000185e0158720
Event: 3363.557 Thread 0x00000185d44c8060 Thread added: 0x00000185e0158050
Event: 3363.961 Thread 0x00000185d44c8060 Thread added: 0x00000185e015bda0
Event: 3364.394 Thread 0x00000185e015bda0 Thread exited: 0x00000185e015bda0
Event: 3364.486 Thread 0x00000185e0158050 Thread added: 0x00000185e015bda0
Event: 3364.666 Thread 0x00000185e015bda0 Thread exited: 0x00000185e015bda0
Event: 3367.857 Thread 0x00000185e0158050 Thread exited: 0x00000185e0158050
Event: 3371.813 Thread 0x00000185d44c8060 Thread added: 0x00000185e015bda0
Event: 3371.819 Thread 0x00000185e015bda0 Thread added: 0x00000185e0159b90
Event: 3371.819 Thread 0x00000185e015bda0 Thread added: 0x00000185e0158720


Dynamic libraries:
0x00007ff61cd80000 - 0x00007ff61cd8e000 	c:\Users\jonas\.vscode\extensions\redhat.java-1.51.0-win32-x64\jre\21.0.9-win32-x86_64\bin\java.exe
0x00007ffd6a780000 - 0x00007ffd6a9e7000 	C:\WINDOWS\SYSTEM32\ntdll.dll
0x00007ffd69db0000 - 0x00007ffd69e79000 	C:\WINDOWS\System32\KERNEL32.DLL
0x00007ffd67ad0000 - 0x00007ffd67ebf000 	C:\WINDOWS\System32\KERNELBASE.dll
0x00007ffd678d0000 - 0x00007ffd67a1b000 	C:\WINDOWS\System32\ucrtbase.dll
0x00007ffd2fd40000 - 0x00007ffd2fd5e000 	c:\Users\jonas\.vscode\extensions\redhat.java-1.51.0-win32-x64\jre\21.0.9-win32-x86_64\bin\VCRUNTIME140.dll
0x00007ffd2e6d0000 - 0x00007ffd2e6e8000 	c:\Users\jonas\.vscode\extensions\redhat.java-1.51.0-win32-x64\jre\21.0.9-win32-x86_64\bin\jli.dll
0x00007ffd6a0f0000 - 0x00007ffd6a2b5000 	C:\WINDOWS\System32\USER32.dll
0x00007ffd52bb0000 - 0x00007ffd52e43000 	C:\WINDOWS\WinSxS\amd64_microsoft.windows.common-controls_6595b64144ccf1df_6.0.26100.7309_none_3e05feeae336a044\COMCTL32.dll
0x00007ffd67ed0000 - 0x00007ffd67ef7000 	C:\WINDOWS\System32\win32u.dll
0x00007ffd68960000 - 0x00007ffd68a09000 	C:\WINDOWS\System32\msvcrt.dll
0x00007ffd68700000 - 0x00007ffd6872b000 	C:\WINDOWS\System32\GDI32.dll
0x00007ffd68050000 - 0x00007ffd6817c000 	C:\WINDOWS\System32\gdi32full.dll
0x00007ffd67a20000 - 0x00007ffd67ac3000 	C:\WINDOWS\System32\msvcp_win.dll
0x00007ffd6a5f0000 - 0x00007ffd6a621000 	C:\WINDOWS\System32\IMM32.DLL
0x00007ffd3ee80000 - 0x00007ffd3ee8c000 	c:\Users\jonas\.vscode\extensions\redhat.java-1.51.0-win32-x64\jre\21.0.9-win32-x86_64\bin\vcruntime140_1.dll
0x00007ffd055b0000 - 0x00007ffd0563d000 	c:\Users\jonas\.vscode\extensions\redhat.java-1.51.0-win32-x64\jre\21.0.9-win32-x86_64\bin\msvcp140.dll
0x00007ffcefbd0000 - 0x00007ffcf0970000 	c:\Users\jonas\.vscode\extensions\redhat.java-1.51.0-win32-x64\jre\21.0.9-win32-x86_64\bin\server\jvm.dll
0x00007ffd68b20000 - 0x00007ffd68bd4000 	C:\WINDOWS\System32\ADVAPI32.dll
0x00007ffd6a2c0000 - 0x00007ffd6a366000 	C:\WINDOWS\System32\sechost.dll
0x00007ffd69fd0000 - 0x00007ffd6a0e8000 	C:\WINDOWS\System32\RPCRT4.dll
0x00007ffd6a630000 - 0x00007ffd6a6a4000 	C:\WINDOWS\System32\WS2_32.dll
0x00007ffd67750000 - 0x00007ffd677ae000 	C:\WINDOWS\SYSTEM32\POWRPROF.dll
0x00007ffd609f0000 - 0x00007ffd60a25000 	C:\WINDOWS\SYSTEM32\WINMM.dll
0x00007ffd60a30000 - 0x00007ffd60a3b000 	C:\WINDOWS\SYSTEM32\VERSION.dll
0x00007ffd67730000 - 0x00007ffd67744000 	C:\WINDOWS\SYSTEM32\UMPDC.dll
0x00007ffd66660000 - 0x00007ffd6667b000 	C:\WINDOWS\SYSTEM32\kernel.appcore.dll
0x00007ffd3ed50000 - 0x00007ffd3ed5a000 	c:\Users\jonas\.vscode\extensions\redhat.java-1.51.0-win32-x64\jre\21.0.9-win32-x86_64\bin\jimage.dll
0x00007ffd5ba30000 - 0x00007ffd5bc72000 	C:\WINDOWS\SYSTEM32\DBGHELP.DLL
0x00007ffd68c70000 - 0x00007ffd68ff5000 	C:\WINDOWS\System32\combase.dll
0x00007ffd6a370000 - 0x00007ffd6a446000 	C:\WINDOWS\System32\OLEAUT32.dll
0x00007ffd52fc0000 - 0x00007ffd52ffc000 	C:\WINDOWS\SYSTEM32\dbgcore.DLL
0x00007ffd68470000 - 0x00007ffd68515000 	C:\WINDOWS\System32\bcryptPrimitives.dll
0x00007ffd3b730000 - 0x00007ffd3b73f000 	c:\Users\jonas\.vscode\extensions\redhat.java-1.51.0-win32-x64\jre\21.0.9-win32-x86_64\bin\instrument.dll
0x00007ffd2cda0000 - 0x00007ffd2cdc0000 	c:\Users\jonas\.vscode\extensions\redhat.java-1.51.0-win32-x64\jre\21.0.9-win32-x86_64\bin\java.dll
0x00007ffd69120000 - 0x00007ffd69873000 	C:\WINDOWS\System32\SHELL32.dll
0x00007ffd68300000 - 0x00007ffd6846a000 	C:\WINDOWS\System32\wintypes.dll
0x00007ffd654b0000 - 0x00007ffd65d0e000 	C:\WINDOWS\SYSTEM32\windows.storage.dll
0x00007ffd69ed0000 - 0x00007ffd69fc5000 	C:\WINDOWS\System32\SHCORE.dll
0x00007ffd68c00000 - 0x00007ffd68c66000 	C:\WINDOWS\System32\shlwapi.dll
0x00007ffd677f0000 - 0x00007ffd67819000 	C:\WINDOWS\SYSTEM32\profapi.dll
0x00007ffd28b40000 - 0x00007ffd28b58000 	c:\Users\jonas\.vscode\extensions\redhat.java-1.51.0-win32-x64\jre\21.0.9-win32-x86_64\bin\zip.dll
0x00007ffd33a00000 - 0x00007ffd33a10000 	C:\Users\jonas\.vscode\extensions\redhat.java-1.51.0-win32-x64\jre\21.0.9-win32-x86_64\bin\net.dll
0x00007ffd5ca20000 - 0x00007ffd5cb48000 	C:\WINDOWS\SYSTEM32\WINHTTP.dll
0x00007ffd66bf0000 - 0x00007ffd66c5b000 	C:\WINDOWS\system32\mswsock.dll
0x00007ffd14550000 - 0x00007ffd14566000 	C:\Users\jonas\.vscode\extensions\redhat.java-1.51.0-win32-x64\jre\21.0.9-win32-x86_64\bin\nio.dll
0x00007ffd32530000 - 0x00007ffd32540000 	c:\Users\jonas\.vscode\extensions\redhat.java-1.51.0-win32-x64\jre\21.0.9-win32-x86_64\bin\verify.dll
0x00007ffcfbe60000 - 0x00007ffcfbea4000 	C:\Users\jonas\AppData\Roaming\Code\User\globalStorage\redhat.java\1.51.0\config_win\org.eclipse.equinox.launcher\org.eclipse.equinox.launcher.win32.win32.x86_64_1.2.1400.v20250801-0854\eclipse_11916.dll
0x00007ffd6a450000 - 0x00007ffd6a5e7000 	C:\WINDOWS\System32\ole32.dll
0x00007ffd309c0000 - 0x00007ffd309ca000 	C:\Users\jonas\.vscode\extensions\redhat.java-1.51.0-win32-x64\jre\21.0.9-win32-x86_64\bin\management.dll
0x00007ffd2fea0000 - 0x00007ffd2feac000 	C:\Users\jonas\.vscode\extensions\redhat.java-1.51.0-win32-x64\jre\21.0.9-win32-x86_64\bin\management_ext.dll
0x00007ffd69110000 - 0x00007ffd69118000 	C:\WINDOWS\System32\PSAPI.DLL
0x00007ffd66eb0000 - 0x00007ffd66ecb000 	C:\WINDOWS\SYSTEM32\CRYPTSP.dll
0x00007ffd665c0000 - 0x00007ffd665fa000 	C:\WINDOWS\system32\rsaenh.dll
0x00007ffd66ca0000 - 0x00007ffd66ccb000 	C:\WINDOWS\SYSTEM32\USERENV.dll
0x00007ffd677c0000 - 0x00007ffd677ea000 	C:\WINDOWS\SYSTEM32\bcrypt.dll
0x00007ffd66ed0000 - 0x00007ffd66edc000 	C:\WINDOWS\SYSTEM32\CRYPTBASE.dll
0x00007ffd66090000 - 0x00007ffd660c4000 	C:\WINDOWS\SYSTEM32\IPHLPAPI.DLL
0x00007ffd69da0000 - 0x00007ffd69daa000 	C:\WINDOWS\System32\NSI.dll
0x00007ffd320f0000 - 0x00007ffd32139000 	C:\Users\jonas\AppData\Local\Temp\jna-101308859\jna10928879380085994979.dll
0x00007ffd5c9f0000 - 0x00007ffd5ca0e000 	C:\WINDOWS\SYSTEM32\dhcpcsvc6.DLL
0x00007ffd5c8a0000 - 0x00007ffd5c8c3000 	C:\WINDOWS\SYSTEM32\dhcpcsvc.DLL
0x00007ffd32340000 - 0x00007ffd3234e000 	C:\Users\jonas\.vscode\extensions\redhat.java-1.51.0-win32-x64\jre\21.0.9-win32-x86_64\bin\sunmscapi.dll
0x00007ffd68180000 - 0x00007ffd682f7000 	C:\WINDOWS\System32\CRYPT32.dll
0x00007ffd670d0000 - 0x00007ffd67100000 	C:\WINDOWS\SYSTEM32\ncrypt.dll
0x00007ffd67080000 - 0x00007ffd670bf000 	C:\WINDOWS\SYSTEM32\NTASN1.dll
0x00007ffd66130000 - 0x00007ffd6625c000 	C:\WINDOWS\SYSTEM32\DNSAPI.dll
0x00007ffd59f50000 - 0x00007ffd59f5b000 	C:\Windows\System32\rasadhlp.dll
0x00007ffd5b300000 - 0x00007ffd5b386000 	C:\WINDOWS\System32\fwpuclnt.dll
0x00007ffd30870000 - 0x00007ffd30879000 	C:\Users\jonas\.vscode\extensions\redhat.java-1.51.0-win32-x64\jre\21.0.9-win32-x86_64\bin\extnet.dll
0x00007ffd36910000 - 0x00007ffd36928000 	C:\WINDOWS\system32\napinsp.dll
0x00007ffd33aa0000 - 0x00007ffd33ab2000 	C:\WINDOWS\System32\winrnr.dll
0x00007ffd31b00000 - 0x00007ffd31b22000 	C:\WINDOWS\system32\nlansp_c.dll
0x00007ffd5d530000 - 0x00007ffd5d546000 	C:\WINDOWS\system32\wshbth.dll
0x00007ffd667a0000 - 0x00007ffd667d6000 	C:\WINDOWS\SYSTEM32\ntmarta.dll

JVMTI agents:
c:\Users\jonas\.vscode\extensions\redhat.java-1.51.0-win32-x64\lombok\lombok-1.18.39-4050.jar path:c:\Users\jonas\.vscode\extensions\redhat.java-1.51.0-win32-x64\jre\21.0.9-win32-x86_64\bin\instrument.dll, loaded, initialized, instrumentlib options:none

dbghelp: loaded successfully - version: 4.0.5 - missing functions: none
symbol engine: initialized successfully - sym options: 0x614 - pdb path: .;c:\Users\jonas\.vscode\extensions\redhat.java-1.51.0-win32-x64\jre\21.0.9-win32-x86_64\bin;C:\WINDOWS\SYSTEM32;C:\WINDOWS\WinSxS\amd64_microsoft.windows.common-controls_6595b64144ccf1df_6.0.26100.7309_none_3e05feeae336a044;c:\Users\jonas\.vscode\extensions\redhat.java-1.51.0-win32-x64\jre\21.0.9-win32-x86_64\bin\server;C:\Users\jonas\AppData\Roaming\Code\User\globalStorage\redhat.java\1.51.0\config_win\org.eclipse.equinox.launcher\org.eclipse.equinox.launcher.win32.win32.x86_64_1.2.1400.v20250801-0854;C:\Users\jonas\AppData\Local\Temp\jna-101308859

VM Arguments:
jvm_args: --add-modules=ALL-SYSTEM --add-opens=java.base/java.util=ALL-UNNAMED --add-opens=java.base/java.lang=ALL-UNNAMED --add-opens=java.base/sun.nio.fs=ALL-UNNAMED -Declipse.application=org.eclipse.jdt.ls.core.id1 -Dosgi.bundles.defaultStartLevel=4 -Declipse.product=org.eclipse.jdt.ls.core.product -Djava.import.generatesMetadataFilesAtProjectRoot=false -DDetectVMInstallationsJob.disabled=true -Dfile.encoding=utf8 -XX:+UseParallelGC -XX:GCTimeRatio=4 -XX:AdaptiveSizePolicyWeight=90 -Dsun.zip.disableMemoryMapping=true -Xmx2G -Xms100m -Xlog:disable -javaagent:c:\Users\jonas\.vscode\extensions\redhat.java-1.51.0-win32-x64\lombok\lombok-1.18.39-4050.jar -XX:+HeapDumpOnOutOfMemoryError -XX:HeapDumpPath=c:\Users\jonas\AppData\Roaming\Code\User\workspaceStorage\b51b9fde620a695453a84f369aeee4c7\redhat.java -Daether.dependencyCollector.impl=bf 
java_command: c:\Users\jonas\.vscode\extensions\redhat.java-1.51.0-win32-x64\server\plugins\org.eclipse.equinox.launcher_1.7.100.v20251111-0406.jar -configuration c:\Users\jonas\AppData\Roaming\Code\User\globalStorage\redhat.java\1.51.0\config_win -data c:\Users\jonas\AppData\Roaming\Code\User\workspaceStorage\b51b9fde620a695453a84f369aeee4c7\redhat.java\jdt_ws --pipe=\\.\pipe\lsp-e4a968c2a861703c395fed0439461572-sock
java_class_path (initial): c:\Users\jonas\.vscode\extensions\redhat.java-1.51.0-win32-x64\server\plugins\org.eclipse.equinox.launcher_1.7.100.v20251111-0406.jar
Launcher Type: SUN_STANDARD

[Global flags]
    uintx AdaptiveSizePolicyWeight                 = 90                                        {product} {command line}
     intx CICompilerCount                          = 12                                        {product} {ergonomic}
    uintx GCTimeRatio                              = 4                                         {product} {command line}
     bool HeapDumpOnOutOfMemoryError               = true                                   {manageable} {command line}
    ccstr HeapDumpPath                             = c:\Users\jonas\AppData\Roaming\Code\User\workspaceStorage\b51b9fde620a695453a84f369aeee4c7\redhat.java         {manageable} {command line}
   size_t InitialHeapSize                          = 104857600                                 {product} {command line}
   size_t MaxHeapSize                              = 2147483648                                {product} {command line}
   size_t MaxNewSize                               = 715653120                                 {product} {ergonomic}
   size_t MinHeapDeltaBytes                        = 524288                                    {product} {ergonomic}
   size_t MinHeapSize                              = 104857600                                 {product} {command line}
   size_t NewSize                                  = 34603008                                  {product} {ergonomic}
    uintx NonNMethodCodeHeapSize                   = 7602480                                {pd product} {ergonomic}
    uintx NonProfiledCodeHeapSize                  = 122027880                              {pd product} {ergonomic}
   size_t OldSize                                  = 70254592                                  {product} {ergonomic}
    uintx ProfiledCodeHeapSize                     = 122027880                              {pd product} {ergonomic}
    uintx ReservedCodeCacheSize                    = 251658240                              {pd product} {ergonomic}
     bool SegmentedCodeCache                       = true                                      {product} {ergonomic}
   size_t SoftMaxHeapSize                          = 2147483648                             {manageable} {ergonomic}
     bool UseCompressedOops                        = true                           {product lp64_product} {ergonomic}
     bool UseLargePagesIndividualAllocation        = false                                  {pd product} {ergonomic}
     bool UseParallelGC                            = true                                      {product} {command line}

Logging:
Log output configuration:
 #0: stdout all=off uptime,level,tags foldmultilines=false
 #1: stderr all=off uptime,level,tags foldmultilines=false

Release file:
JAVA_VERSION="21.0.9" 
MODULES="java.base java.compiler java.datatransfer java.xml java.prefs java.desktop java.instrument java.logging java.management java.security.sasl java.naming java.rmi java.management.rmi java.net.http java.scripting java.security.jgss java.transaction.xa java.sql java.sql.rowset java.xml.crypto java.se java.smartcardio jdk.accessibility jdk.internal.jvmstat jdk.attach jdk.charsets jdk.internal.opt jdk.zipfs jdk.compiler jdk.crypto.ec jdk.crypto.cryptoki jdk.crypto.mscapi jdk.dynalink jdk.internal.ed jdk.editpad jdk.hotspot.agent jdk.httpserver jdk.internal.le jdk.internal.vm.ci jdk.internal.vm.compiler jdk.internal.vm.compiler.management jdk.jartool jdk.javadoc jdk.jcmd jdk.management jdk.management.agent jdk.jconsole jdk.jdeps jdk.jdwp.agent jdk.jdi jdk.jfr jdk.jshell jdk.jsobject jdk.jstatd jdk.localedata jdk.management.jfr jdk.naming.dns jdk.naming.rmi jdk.net jdk.nio.mapmode jdk.random jdk.sctp jdk.security.auth jdk.security.jgss jdk.unsupported jdk.unsupported.desktop jdk.xml.dom" 

Environment Variables:
JAVA_HOME=C:\Program Files\Eclipse Adoptium\jdk-21.0.9.10-hotspot\
PATH=C:\Program Files\Eclipse Adoptium\jdk-21.0.9.10-hotspot\bin;C:\Program Files\Microsoft SDKs\Azure\CLI2\wbin;C:\Program Files\Alacritty\;C:\Program Files (x86)\VMware\VMware Player\bin\;C:\Users\jonas\AppData\Local\Programs\Python\Python310\Scripts\;C:\Users\jonas\AppData\Local\Programs\Python\Python310\;C:\Program Files\Eclipse Adoptium\jdk-11.0.14.9-hotspot\bin;C:\Program Files\OpenJDK\jdk-17.0.1\bin;C:\Program Files (x86)\Common Files\Oracle\Java\javapath;C:\windows\system32;C:\windows;C:\windows\System32\Wbem;C:\windows\System32\WindowsPowerShell\v1.0\;C:\windows\System32\OpenSSH\;C:\Program Files\Git\cmd;C:\Gradle\gradle-7.3.3\bin;C:\Program Files\nodejs\;C:\ProgramData\chocolatey\bin;C:\WINDOWS\system32;C:\WINDOWS;C:\WINDOWS\System32\Wbem;C:\WINDOWS\System32\WindowsPowerShell\v1.0\;C:\WINDOWS\System32\OpenSSH\;C:\Program Files\dotnet\;C:\Program Files\CMake\bin;C:\Program Files\Docker\Docker\resources\bin;C:\Program Files\Git LFS;C:\Program Files\PuTTY\;C:\Program Files\HP\HP One Agent;C:\WINDOWS\system32;C:\WINDOWS;C:\WINDOWS\System32\Wbem;C:\WINDOWS\System32\WindowsPowerShell\v1.0\;C:\WINDOWS\System32\OpenSSH\;C:\Program Files\Calibre2\;C:\Program Files\PowerShell\7\;C:\Program Files\Mullvad VPN\resources;C:\ProgramData\chocolatey\lib\maven\apache-maven-3.9.12\bin;C:\Users\jonas\.cargo\bin;C:\Users\jonas\AppData\Local\Programs\Python\Python310\Scripts\;C:\Users\jonas\AppData\Local\Programs\Python\Python310\;C:\Users\jonas\AppData\Local\Programs\Python\Python39\Scripts\;C:\Users\jonas\AppData\Local\Programs\Python\Python39\;C:\Users\jonas\AppData\Local\Microsoft\WindowsApps;C:\Users\jonas\AppData\Local\Programs\Microsoft VS Code\bin;C:\Users\jonas\AppData\Local\GitHubDesktop\bin;C:\Users\jonas\spicetify-cli;C:\Program Files\JetBrains\IntelliJ IDEA 2021.2.3\bin;C:\Users\jonas\AppData\Roaming\npm;C:\msys64\mingw64\bin;C:\Users\jonas\AppData\Local\Microsoft\WindowsApps;C:\Users\jonas\.dotnet\tools;C:\src\vcpkg;C:\Users\jonas\Documents\softwareudvikling\gits 5semester\ProgramsAsData2023\fsharp;C:\Program Files\Microsoft Visual Studio\2022\Community\Common7\IDE\CommonExtensions\Microsoft\FSharp\Tools;C:\Users\jonas\AppData\Local\Programs\Azure Data Studio\bin;C:\Users\jonas\AppData\Local\Pandoc\;C:\Program Files\JetBrains\JetBrains Rider 2025.2.0.1\bin;C:\Users\jonas\miniforge3\Scripts;C:\Users\jonas\Documents\compsci\bin;C:\iverilog\bin;C:\iverilog\gtkwave\bin;C:\Users\jonas\Documents\compsci\bin\verible;C:\Program Files\wkhtmltopdf\bin;
USERNAME=jonas
OS=Windows_NT
PROCESSOR_IDENTIFIER=AMD64 Family 25 Model 80 Stepping 0, AuthenticAMD
TMP=C:\Users\jonas\AppData\Local\Temp
TEMP=C:\Users\jonas\AppData\Local\Temp




Periodic native trim disabled

---------------  S Y S T E M  ---------------

OS:
 Windows 11 , 64 bit Build 26100 (10.0.26100.7309)
OS uptime: 2 days 4:02 hours
Hyper-V role detected

CPU: total 16 (initial active 16) (16 cores per cpu, 2 threads per core) family 25 model 80 stepping 0 microcode 0xa50000d, cx8, cmov, fxsr, ht, mmx, 3dnowpref, sse, sse2, sse3, ssse3, sse4a, sse4.1, sse4.2, popcnt, lzcnt, tsc, tscinvbit, avx, avx2, aes, erms, clmul, bmi1, bmi2, adx, sha, fma, vzeroupper, clflush, clflushopt, hv, rdtscp, rdpid, fsrm, f16c, cet_ss
Processor Information for the first 16 processors :
  Max Mhz: 3201, Current Mhz: 1990, Mhz Limit: 3201

Memory: 4k page, system-wide physical 15713M (3293M free)
TotalPageFile size 24417M (AvailPageFile size 4075M)
current process WorkingSet (physical memory assigned to process): 723M, peak: 1518M
current process commit charge ("private bytes"): 1432M, peak: 1453M

vm_info: OpenJDK 64-Bit Server VM (21.0.9+10-LTS) for windows-amd64 JRE (21.0.9+10-LTS), built on 2025-10-21T00:00:00Z by "admin" with unknown MS VC++:1942

END.
